
         ==============================
         S N O P T  7.7.3    (Dec 2019)
         ==============================
1

 SNMEMA EXIT 100 -- finished successfully
 SNMEMA INFO 104 -- memory requirements estimated
      Total character workspace             500
      Total integer   workspace         9833765
      Total real      workspace         7472018

 XXX  The bounds on     F(i)   are inconsistent.  Flow =       -Infinity  Fupp =  -0.6136201E+44

 XXX  The bounds on     F(i)   are inconsistent.  Flow =       -Infinity  Fupp =  -0.3500015E+74

 XXX  The bounds on     F(i)   are inconsistent.  Flow =       -Infinity  Fupp =             NaN

 XXX  The bounds on     F(i)   are inconsistent.  Flow =       -Infinity  Fupp =  -0.3756716+305

 XXX  The bounds on     F(i)   are inconsistent.  Flow =       -Infinity  Fupp =             NaN

 XXX  The bounds on     F(i)   are inconsistent.  Flow =       -Infinity  Fupp =  -0.3783504+305

 XXX  The bounds on     F(i)   are inconsistent.  Flow =       -Infinity  Fupp =  -0.3899931+252

 XXX  The bounds on     F(i)   are inconsistent.  Flow =       -Infinity  Fupp =  -0.6118587+247

 XXX  The bounds on     F(i)   are inconsistent.  Flow =       -Infinity  Fupp =  -0.5849518+227

 XXX  The bounds on     F(i)   are inconsistent.  Flow =       -Infinity  Fupp =  -0.8203213E+39

 XXX  The bounds on     F(i)   are inconsistent.  Flow =       -Infinity  Fupp =  -0.1909959E+30

 XXX  The bounds on     F(i)   are inconsistent.  Flow =       -Infinity  Fupp =  -0.8244637+280

 XXX  The bounds on     F(i)   are inconsistent.  Flow =       -Infinity  Fupp =  -0.3325313+102

 XXX  The bounds on     F(i)   are inconsistent.  Flow =       -Infinity  Fupp =  -0.1794335+136

 XXX  The bounds on     F(i)   are inconsistent.  Flow =       -Infinity  Fupp =  -0.5369520E+44

 XXX  The bounds on     F(i)   are inconsistent.  Flow =       -Infinity  Fupp =  -0.1266669E+35

 XXX  The bounds on     F(i)   are inconsistent.  Flow =       -Infinity  Fupp =  -0.3850363+179

 XXX  Invalid arguments Flow, Fupp:     17 inconsistent bounds or infinite equal bounds.
1

 SNOPTA EXIT  90 -- input arguments out of range
 SNOPTA INFO  91 -- invalid input argument
