
 ==============================
 S N O P T  7.2-12.3 (Aug 2014)
 ==============================
 opt-out-files/150dirs/snopt-opt-150dirs-003-wec1.0-nolocalTI-print.out
 XXX  Keyword not recognized:         OPT-OUT-FILES/15
 opt-out-files/150dirs/snopt-opt-150dirs-003-wec1.0-nolocalTI-summary.out
 XXX  Keyword not recognized:         OPT-OUT-FILES/15
 
 SNMEMA EXIT 100 -- finished successfully
 SNMEMA INFO 104 -- memory requirements estimated
 
 

 Nonlinear constraints      45     Linear constraints       1
 Nonlinear variables        18     Linear variables         0
 Jacobian  variables        18     Objective variables     18
 Total constraints          46     Total variables         18
 

 
 The user has defined     828   out of     828   first  derivatives
 

 Major Minors     Step   nCon Feasible  Optimal  MeritFunction    nS Penalty
     0     11               1 (6.0E-07) 1.5E-04 -3.5491568E-01    11           r
     1      3  4.6E-01      2 (3.4E-07)(1.7E-05)-3.5498207E-01     9         n rl
 
 SNOPTA EXIT   0 -- finished successfully
 SNOPTA INFO   1 -- optimality conditions satisfied

 Problem name                 opt prob
 No. of iterations                  14   Objective value     -3.5498206001E-01
 No. of major iterations             1   Linear objective     0.0000000000E+00
 Penalty parameter           0.000E+00   Nonlinear objective -3.5498206001E-01
 No. of calls to funobj             21   No. of calls to funcon             21
 No. of superbasics                  9   No. of basic nonlinears             8
 No. of degenerate steps             0   Percentage                       0.00
 Max x                       1 4.5E+02   Max pi                     46 1.0E+00
 Max Primal infeas           0 0.0E+00   Max Dual infeas             7 3.5E-05
 Nonlinear constraint violn    3.6E-04
 
 

 Solution printed on file  18
 
 Time for MPS input                             0.00 seconds
 Time for solving problem                       1.92 seconds
 Time for solution output                       0.00 seconds
 Time for constraint functions                 40.61 seconds
 Time for objective function                    0.00 seconds
