
 ==============================
 S N O P T  7.2-12.3 (Aug 2014)
 ==============================
 opt-out-files/120dirs/snopt-opt-120dirs-005-wec3.0-nolocalTI-print.out
 XXX  Keyword not recognized:         OPT-OUT-FILES/12
 opt-out-files/120dirs/snopt-opt-120dirs-005-wec3.0-nolocalTI-summary.out
 XXX  Keyword not recognized:         OPT-OUT-FILES/12
 
 SNMEMA EXIT 100 -- finished successfully
 SNMEMA INFO 104 -- memory requirements estimated
 
 

 Nonlinear constraints      45     Linear constraints       1
 Nonlinear variables        18     Linear variables         0
 Jacobian  variables        18     Objective variables     18
 Total constraints          46     Total variables         18
 

 
 The user has defined     828   out of     828   first  derivatives
 

 Major Minors     Step   nCon Feasible  Optimal  MeritFunction    nS Penalty
     0     17               1  2.4E-02  6.3E-04 -1.7914064E-01    13           r
     1      1  4.8E-02      2  2.3E-02  6.0E-04 -1.2784158E-01    13 1.4E-04 n rl
     2      3  5.1E-02      3  2.2E-02  7.1E-05 -1.2982263E-01    15 1.4E-04 s  l
     3      6  1.0E+00      4  1.8E-06  6.2E-05 -1.8500718E-01    14 1.4E-04
     4      4  1.0E+00      5  1.9E-03 (3.5E-05)-1.9204004E-01    13 1.4E-04
     5      4  1.0E+00      6  7.7E-04  1.2E-04 -1.9779284E-01    14 1.4E-04
     6      3  1.0E+00      7  1.8E-05 (2.7E-05)-2.0124817E-01    14 1.4E-04
     7      3  7.9E-01      9  4.3E-05  5.3E-05 -2.0327287E-01    14 1.4E-04
     8      3  1.0E+00     10  1.1E-04 (2.4E-05)-2.0368725E-01    14 1.4E-04
     9      3  1.0E+00     11  1.9E-05  6.0E-05 -2.0417585E-01    12 1.4E-04

 Major Minors     Step   nCon Feasible  Optimal  MeritFunction    nS Penalty
    10      7  1.0E+00     12  2.1E-03 (2.2E-05)-2.0584606E-01    14 1.4E-04
    11      3  6.9E-01     15  9.0E-04 (2.1E-05)-2.0613055E-01    12 1.4E-04
    12      1  1.0E+00     16  1.6E-04 (3.1E-05)-2.0644007E-01    12 1.4E-04
    13      4  1.0E+00     18  3.7E-04  1.2E-04 -2.0648007E-01     9 1.4E-04  m
    14      5  2.2E-01     20  3.5E-04 (3.4E-05)-2.0656933E-01    13 1.4E-04
    15      3  1.0E+00     21  1.8E-04 (3.1E-05)-2.0728368E-01    11 1.4E-04
    16      3  1.0E+00     22  1.8E-04  7.0E-05 -2.0880417E-01    11 1.4E-04
    17      2  1.0E+00     23  2.1E-05 (2.0E-05)-2.0884446E-01    10 1.4E-04
    18      3  1.0E+00     24  9.5E-06 (4.8E-05)-2.0952339E-01    10 1.4E-04
    19      1  1.0E+00     25  2.7E-03 (3.4E-05)-2.1082937E-01    10 1.4E-04

 Major Minors     Step   nCon Feasible  Optimal  MeritFunction    nS Penalty
    20      8  1.0E+00     27  2.5E-04 (4.5E-05)-2.1173650E-01    11 1.4E-04  m
    21      7  1.0E+00     28  4.2E-03  5.6E-05 -2.1360969E-01    11 1.4E-04
    22      5  5.0E-02     34  3.0E-03 (4.2E-05)-2.1377676E-01    11 1.4E-04
    23      3  1.5E-03     45  2.9E-03  6.1E-05 -2.1378405E-01    11 1.4E-04  M
    24      1  6.9E-05     56  2.9E-03  6.1E-05 -2.1378428E-01    11 1.4E-04 n
    25      6  5.2E-06     66  2.9E-03  2.0E-04 -2.1378429E-01    12 1.4E-04 n R
    26      2  1.0E+00     67  4.2E-06 (1.9E-05)-2.1301958E-01    11 1.9E-04 s
    27      4  1.0E+00     68  4.9E-05 (1.8E-05)-2.1368793E-01    10 1.9E-04
    28      5  1.7E-01     70  5.0E-06 (1.7E-05)-2.1374435E-01    10 1.9E-04
    29      2  1.6E-01     72  4.6E-06 (6.1E-06)-2.1390648E-01    11 1.9E-04

 Major Minors     Step   nCon Feasible  Optimal  MeritFunction    nS Penalty
    30      2  1.3E-01     74  4.0E-06 (1.0E-05)-2.1394968E-01    12 1.9E-04
    31      3  1.2E-01     76  3.6E-06 (7.5E-06)-2.1398253E-01    10 1.9E-04
    32      2  6.4E-02     78  3.5E-06 (3.6E-05)-2.1399982E-01    11 1.9E-04
    33      3  1.0E+00     80  2.8E-06  5.8E-05 -2.1404044E-01    11 1.9E-04  M
    34      3  2.4E-01     83  2.7E-06  5.9E-05 -2.1407307E-01     9 1.9E-04
    35      2  1.1E-01     85  2.4E-06 (2.9E-05)-2.1410810E-01    10 1.9E-04
    36      3  7.3E-02     89  2.2E-06 (2.9E-05)-2.1411390E-01    10 1.9E-04
    37      3  1.1E-01     91  2.0E-06 (1.0E-05)-2.1412563E-01    10 1.9E-04
    38      1  3.5E-02     96  2.0E-06 (7.6E-06)-2.1412812E-01    10 1.9E-04
    39      2  1.5E-01     99  1.7E-06 (1.0E-05)-2.1414177E-01     9 1.9E-04

 Major Minors     Step   nCon Feasible  Optimal  MeritFunction    nS Penalty
    40      4  1.7E-02    101  1.6E-06 (1.8E-05)-2.1414297E-01    10 1.9E-04
    41      3  1.9E-04    111  1.6E-06 (1.7E-05)-2.1413862E-01    10 1.9E-04
    42      3  7.0E-03    121  1.6E-06 (2.3E-05)-2.1413938E-01     8 1.9E-04
    43      2  2.0E-05    127  1.6E-06  5.7E-05 -2.1413938E-01     9 1.9E-04
    44      2  1.2E-01    130  1.8E-06  6.3E-05 -2.1415733E-01    10 1.9E-04
    45      5  1.0E+00    131  1.1E-05 (1.6E-05)-2.1423254E-01    10 1.9E-04
    46      2  1.5E-01    142  1.0E-05 (3.4E-05)-2.1424927E-01    11 1.9E-04  m
    47      5  1.2E-03    152  9.9E-06 (3.4E-05)-2.1424959E-01    13 1.9E-04
    48      1  5.5E-07    162  9.9E-06 (3.4E-05)-2.1424959E-01    13 1.9E-04 n
 
 SNOPTA EXIT   0 -- finished successfully
 SNOPTA INFO   3 -- requested accuracy could not be achieved

 Problem name                 opt prob
 No. of iterations                 173   Objective value     -2.1424362708E-01
 No. of major iterations            48   Linear objective     0.0000000000E+00
 Penalty parameter           1.921E-04   Nonlinear objective -2.1424362708E-01
 No. of calls to funobj            186   No. of calls to funcon            186
 No. of superbasics                 13   No. of basic nonlinears            10
 No. of degenerate steps             0   Percentage                       0.00
 Max x                      10 4.4E+02   Max pi                     46 1.0E+00
 Max Primal infeas           0 0.0E+00   Max Dual infeas             7 6.7E-05
 Nonlinear constraint violn    1.1E-02
 
 

 Solution printed on file  18
 
 Time for MPS input                             0.00 seconds
 Time for solving problem                     278.60 seconds
 Time for solution output                       0.00 seconds
 Time for constraint functions                312.41 seconds
 Time for objective function                    0.00 seconds
