
 ==============================
 S N O P T  7.7.3    (Dec 2019)
 ==============================
 opt-files/9turb-circle-1200r/snopt-wec/010dirs/051-wec2.2-print.out
 XXX  Keyword not recognized:         OPT-FILES/9TURB-
 opt-files/9turb-circle-1200r/snopt-wec/010dirs/051-wec2.2-summary.out
 XXX  Keyword not recognized:         OPT-FILES/9TURB-

 SNMEMA EXIT 100 -- finished successfully
 SNMEMA INFO 104 -- memory requirements estimated



 Nonlinear constraints      45     Linear constraints       1
 Nonlinear variables        18     Linear variables         0
 Jacobian  variables        18     Objective variables     18
 Total constraints          46     Total variables         18



 The user has defined     828   out of     828   first  derivatives


 Major Minors     Step   nCon Feasible  Optimal  MeritFunction     nS Penalty
     0     10               1 (1.2E-10) 7.5E-02 -4.3405638E+03     10           r
     1      1  1.0E+00      2 (1.2E-09) 7.5E-02 -4.3405748E+03     10           r
     2      3  3.8E-01      3 (3.8E-07) 8.0E-02 -4.3407706E+03     10         s  l
     3      3  1.0E+00      4  9.1E-04  5.3E-02 -4.3441220E+03     10
     4      1  4.4E-01      6  5.1E-04  2.6E-02 -4.3448477E+03     10
     5      1  1.0E+00      7  8.3E-05  1.6E-02 -4.3449822E+03     10
     6      1  1.0E+00      8  7.4E-06  4.9E-03 -4.3450635E+03     10
     7      1  1.0E+00      9  4.0E-06  3.7E-03 -4.3450850E+03     10
     8      1  1.0E+00     10 (6.4E-07) 1.9E-03 -4.3450964E+03     10
     9      1  1.0E+00     11  5.1E-06  6.6E-04 -4.3451072E+03     10

 Major Minors     Step   nCon Feasible  Optimal  MeritFunction     nS Penalty
    10      1  1.0E+00     12 (5.0E-07) 4.1E-04 -4.3451083E+03     10
    11      1  1.0E+00     13 (8.8E-08) 2.2E-04 -4.3451085E+03     10
    12      1  1.0E+00     14 (1.2E-08) 1.2E-04 -4.3451086E+03     10
    13      1  1.0E+00     15 (4.3E-09) 5.2E-05 -4.3451086E+03     10
    14      1  1.0E+00     16 (6.9E-10) 1.4E-05 -4.3451086E+03     10
    15      1  1.0E+00     17 (2.0E-11)(1.6E-06)-4.3451086E+03     10

 SNOPTA EXIT   0 -- finished successfully
 SNOPTA INFO   1 -- optimality conditions satisfied

 Problem name                 opt prob
 No. of iterations                  29   Objective           -4.3451086428E+03
 No. of major iterations            15   Linear    obj. term  0.0000000000E+00
 Penalty parameter           0.000E+00   Nonlinear obj. term -4.3451086428E+03
 User function calls (total)        36
 No. of superbasics                 10   No. of basic nonlinears             8
 No. of degenerate steps             0   Percentage                       0.00
 Max x                       3 1.2E+03   Max pi                     46 1.0E+00
 Max Primal infeas          58 2.3E-08   Max Dual infeas            17 1.6E-06
 Nonlinear constraint violn    2.3E-08



 Solution printed on file  18

 Time for MPS input                             0.00 seconds
 Time for solving problem                       0.00 seconds
 Time for solution output                       0.00 seconds
 Time for constraint functions                  0.00 seconds
 Time for objective function                    0.00 seconds
