
 ==============================
 S N O P T  7.7.3    (Dec 2019)
 ==============================
 wec2.2-print.out
 XXX  Keyword not recognized:         WEC2.2-PRINT.OUT
 wec2.2-summary.out
 XXX  Keyword not recognized:         WEC2.2-SUMMARY.O

 SNMEMA EXIT 100 -- finished successfully
 SNMEMA INFO 104 -- memory requirements estimated



 Nonlinear constraints    3240     Linear constraints       1
 Nonlinear variables       160     Linear variables         0
 Jacobian  variables       160     Objective variables    160
 Total constraints        3241     Total variables        160



 The user has defined  518560   out of  518560   first  derivatives


        Minor NonOpt  QP mult  QP step   rgNorm   QP objective     nS
          100     50 -2.4E-01  1.0E+00  3.3E-16 -2.6505101E+04     96

 Major Minors     Step   nCon Feasible  Optimal  MeritFunction     nS Penalty
     0    104               1 (2.0E-07) 3.4E-01 -2.6501203E+04     99           r  T
     1     54  4.8E-09      9 (2.0E-07) 3.2E-01 -2.6501203E+04    138           r
     2     16  4.9E-11     15 (2.0E-07) 4.7E-01 -2.6501203E+04    135         s
     3     27  1.0E+00     16  7.4E-03  5.9E-01 -2.7509782E+04    139
     4     21  3.5E-02     19  7.1E-03  7.6E-01 -2.7639240E+04    125
     5     35  1.0E+00     20  6.7E-03  6.7E-01 -2.8251118E+04    129
     6     28  1.0E+00     21 (1.1E-17) 7.6E-01 -2.6386216E+04    128 6.7E-03
     7     38  1.0E+00     23  2.2E-03  1.0E+00 -2.6528129E+04    137 6.7E-03  m
     8     36  4.8E-02     34  2.0E-03  9.6E-01 -2.6882757E+04    128 6.7E-03    d
     9     29  1.9E-14     44  2.0E-03  9.9E-01 -2.6882757E+04    144 6.7E-03
     9     21              53  2.0E-03  5.1E-01 -2.6882822E+04    148           R

 Major Minors     Step   nCon Feasible  Optimal  MeritFunction     nS Penalty
    10     26  1.7E-02     63  2.0E-03  9.8E-01 -2.6769102E+04    133 9.9E-03 s
    11     39  1.0E+00     64 (9.1E-17) 7.0E-01 -2.7591296E+04    139 9.9E-03
    12     28  6.4E-03     74  1.5E-05  7.6E-01 -2.7676680E+04    131 9.9E-03
    13     58  1.0E+00     76  4.9E-03  5.8E-01 -2.8719971E+04    142 9.9E-03  m
    14     37  1.4E-01     86  4.2E-03  1.0E+00 -2.7944523E+04    138 1.7E-02
    15     30  1.8E-05     96  4.2E-03  9.9E-01 -2.8024313E+04    125 1.7E-02
    16     49  1.0E+00     98  1.2E-02  5.9E-01 -2.8940843E+04    140 1.7E-02  m
    16     15             107  1.2E-02  1.0E+00 -2.8957983E+04    147          mR

        Minor NonOpt  QP mult  QP step   rgNorm   QP objective     nS
          100      9  5.5E-01  3.7E-01  3.5E-01 -4.6570824E+04     52

 Major Minors     Step   nCon Feasible  Optimal  MeritFunction     nS Penalty
    17    113  1.0E+00    108  1.9E-04  8.5E-01 -2.6507221E+04     62 6.5E-01 s

        Minor NonOpt  QP mult  QP step   rgNorm   QP objective     nS
          100     20           1.0E+00  2.5E-14 -5.9134320E+04     23

 Major Minors     Step   nCon Feasible  Optimal  MeritFunction     nS Penalty
    18    124  1.9E-02    113  1.2E-03  8.0E-01 -2.6844322E+04     39 6.5E-01

        Minor NonOpt  QP mult  QP step   rgNorm   QP objective     nS
          100     73           1.0E+00  8.6E-14 -4.2392246E+04      2
          200     48  1.5E+00  1.0E+00  2.1E-08 -6.1675511E+04      8
          300     34           1.0E+00  1.8E-13 -6.3831607E+04     11
          400     24           1.0E+00  9.9E-13 -6.5124413E+04     19

 Major Minors     Step   nCon Feasible  Optimal  MeritFunction     nS Penalty
    19    460  3.8E-04    123  1.2E-03  1.2E+00 -2.6858397E+04     33 6.5E-01

        Minor NonOpt  QP mult  QP step   rgNorm   QP objective     nS
          100     31  2.4E+00  1.0E+00  2.6E-08 -6.7846739E+04     11

 Major Minors     Step   nCon Feasible  Optimal  MeritFunction     nS Penalty
    20    173  6.6E-07    133  1.2E-03  1.1E+00 -2.6858424E+04     32 6.5E-01

        Minor NonOpt  QP mult  QP step   rgNorm   QP objective     nS
          100     93           1.0E+00  1.4E-13  7.3496652E+04      8
          200     90  3.4E+01  3.9E-02  3.3E+01  2.4770832E+04      8
          300     84           1.0E+00  3.6E-15 -2.2222592E+04      9
          400     74           1.0E+00  1.1E-14 -3.2590523E+04     13
          500     67           1.0E+00  1.7E-11 -3.6254166E+04     19
          600     59           1.0E+00  9.0E-11 -3.8078382E+04     27
          700     34           1.0E+00  9.4E-14 -3.9952462E+04     37
          800     16           1.0E+00  9.5E-10 -4.0586273E+04     51

 Major Minors     Step   nCon Feasible  Optimal  MeritFunction     nS Penalty
    21    879  5.4E-07    143  1.2E-03  8.8E-01 -2.6858447E+04     68 6.5E-01      t

        Minor NonOpt  QP mult  QP step   rgNorm   QP objective     nS
          100     61  1.7E+00  8.2E-02  2.4E-06 -4.0598545E+04     18
          200     21           1.0E+00  1.2E-08 -4.3471309E+04     37

 Major Minors     Step   nCon Feasible  Optimal  MeritFunction     nS Penalty
    22    256  1.6E-06    153  1.2E-03  9.1E-01 -2.6858478E+04     59 6.5E-01

        Minor NonOpt  QP mult  QP step   rgNorm   QP objective     nS
          100     56  1.9E+00  9.0E-01  1.9E-01 -4.7588842E+04     13
          200     26           1.0E+00  1.3E-09 -4.9037585E+04     29

 Major Minors     Step   nCon Feasible  Optimal  MeritFunction     nS Penalty
    23    288  4.8E-07    163  1.2E-03  8.5E-01 -2.6858489E+04     50 6.5E-01

        Minor NonOpt  QP mult  QP step   rgNorm   QP objective     nS
          100     82  2.0E+02  3.1E-02  1.9E+02 -6.4526983E+03      4
          200     76           1.0E+00  2.9E-04 -3.4318072E+04      7
          300     66           1.0E+00  5.3E-09 -5.1255980E+04     12
          400     53           1.0E+00  4.1E-12 -5.4222378E+04     14
          500     39           1.0E+00  7.8E-09 -5.5266285E+04     19
          600     27           1.0E+00  1.3E-11 -5.5650979E+04     22
          700      5           1.0E+00  1.1E-10 -5.5976392E+04     33

 Major Minors     Step   nCon Feasible  Optimal  MeritFunction     nS Penalty
    24    717  1.1E-01    165  1.1E-03  7.1E-01 -2.7090897E+04     37 6.5E-01

        Minor NonOpt  QP mult  QP step   rgNorm   QP objective     nS
          100     35           1.0E+00  5.5E-06 -6.1252188E+04     20
          200     12  1.0E-01  1.0E+00  2.8E-06 -6.1613326E+04     33

 Major Minors     Step   nCon Feasible  Optimal  MeritFunction     nS Penalty
    25    245  5.5E-04    175  1.1E-03  6.3E-01 -2.7113798E+04     40 6.5E-01
    26     17  1.5E-04    186  1.1E-03  9.9E-01 -2.7120807E+04     39 6.5E-01  M

        Minor NonOpt  QP mult  QP step   rgNorm   QP objective     nS
          100     83           1.0E+00  1.1E-13  1.8435913E+05     10
          200     82           1.0E+00  8.3E-13  2.0287524E+04     21
          300     64  2.6E+00  1.0E+00  1.7E-09 -1.7817556E+04     46
          400     46           1.0E+00  1.5E-14 -2.9001513E+04     70
          500      9           1.0E+00  9.8E-15 -3.3365121E+04    111

 Major Minors     Step   nCon Feasible  Optimal  MeritFunction     nS Penalty
    27    520  3.1E-06    196  1.1E-03  3.4E-01 -2.7120922E+04    120 6.5E-01   R  t
    28     14  7.0E-03    206  1.1E-03  1.1E+00 -2.7149178E+04    111 6.5E-01 s
    29     50  1.4E-04    217  1.1E-03  6.0E-01 -2.7151127E+04    105 6.5E-01  M

        Minor NonOpt  QP mult  QP step   rgNorm   QP objective     nS
          100     18  7.9E-01  1.0E+00  2.6E-11 -3.0088991E+04    112

 Major Minors     Step   nCon Feasible  Optimal  MeritFunction     nS Penalty
    30    162  1.8E-05    227  1.1E-03  3.5E-01 -2.7151448E+04    130 6.5E-01
    31     47  2.1E-07    237  1.1E-03  8.1E-01 -2.7151449E+04    126 6.5E-01
    32     78  3.5E-07    247  1.1E-03  4.0E-01 -2.7151453E+04    131 6.5E-01
    33     42  1.0E+00    248 (0.0E+00) 1.0E+00 -2.8159885E+04    125 6.5E-01
    34     35  2.3E-03    258  1.2E-05  7.9E-01 -2.8204748E+04    116 6.5E-01
    35     82  1.0E+00    260  4.3E-03  8.7E-01 -3.1046935E+04    119 6.5E-01  M
    36     71  6.2E-03    266  4.3E-03  6.2E-01 -3.0512202E+04    116 6.5E-01
    37     80  9.7E-04    276  4.3E-03  6.7E-01 -3.0517026E+04    127 6.5E-01
    38     33  8.0E-05    286  4.3E-03  6.9E-01 -2.9429206E+04    138 6.5E-01   R
    39     14  1.0E+00    287 (0.0E+00) 9.4E-01 -2.7730561E+04    129 6.5E-01 s

 Major Minors     Step   nCon Feasible  Optimal  MeritFunction     nS Penalty
    40     22  1.0E+00    288 (9.0E-17) 6.8E-01 -2.8144023E+04    136 6.5E-01
    41     16  4.3E-02    298  1.5E-06  7.2E-01 -2.8192046E+04    137 6.5E-01
    42     20  2.2E-01    300  3.1E-05  8.5E-01 -2.8343837E+04    134 6.5E-01
    43     17  1.4E-03    310  2.7E-05  9.5E-01 -2.8351454E+04    140 6.5E-01
    44     20  4.9E-02    320 (0.0E+00) 7.4E-01 -2.8407004E+04    131 6.5E-01
    45     32  5.0E-04    330 (0.0E+00) 1.1E+00 -2.8410647E+04    141 6.5E-01
    46      7  7.7E-04    340 (0.0E+00) 1.1E+00 -2.8412171E+04    139 6.5E-01
    47     10  1.9E-05    350 (0.0E+00) 8.3E-01 -2.8412231E+04    138 6.5E-01
    48      9  2.9E-06    360 (0.0E+00) 1.1E+00 -2.8412242E+04    136 6.5E-01
    49     21  1.0E+00    361  2.4E-03  8.0E-01 -2.8534716E+04    144 6.5E-01   R

 Major Minors     Step   nCon Feasible  Optimal  MeritFunction     nS Penalty
    50     24  1.0E+00    362  4.1E-03  5.8E-01 -2.8353327E+04    129 6.5E-01 s
    51     12  2.3E-01    364  3.1E-03  8.7E-01 -2.8626719E+04    132 6.5E-01
    52     17  1.6E-01    366  2.6E-03  6.3E-01 -2.8680960E+04    120 6.5E-01
    53     12  9.9E-03    376  2.6E-03  8.4E-01 -2.8723292E+04    123 6.5E-01
    54     25  1.0E+00    378 (2.2E-16) 7.5E-01 -2.9701314E+04    125 6.5E-01  m
    55     19  1.6E-01    382  2.2E-04  7.1E-01 -2.8705613E+04    117 6.5E-01
    56     24  1.9E-01    384  1.8E-04  6.6E-01 -2.8818626E+04    118 6.5E-01
    57     23  1.6E-03    394  1.8E-04  5.3E-01 -2.8828090E+04    107 6.5E-01
    58     47  2.2E-05    405  1.8E-04  8.1E-01 -2.8828305E+04    120 6.5E-01  M
    59     38  8.8E-07    415  1.8E-04  6.3E-01 -2.8828311E+04    129 6.5E-01

 Major Minors     Step   nCon Feasible  Optimal  MeritFunction     nS Penalty
    60     34  2.5E-07    425  1.8E-04  7.5E-01 -2.8828312E+04    133 6.5E-01   R
    61     25  4.2E-02    435  3.6E-05  7.5E-01 -2.8733692E+04    111 6.5E-01 s
    62     17  4.2E-04    445  3.0E-05  7.5E-01 -2.8762424E+04    101 6.5E-01
    63     37  4.6E-05    455  3.0E-05  7.9E-01 -2.8763013E+04    115 6.5E-01
    64     49  7.1E-05    465  3.0E-05  8.3E-01 -2.8763349E+04    122 6.5E-01
    65     54  9.7E-06    475  3.0E-05  7.0E-01 -2.8763443E+04    120 6.5E-01
    66     19  1.8E-07    485  3.0E-05  8.2E-01 -2.8763444E+04    122 6.5E-01
    67     12  1.0E-07    495  3.0E-05  7.9E-01 -2.8763445E+04    115 6.5E-01
    68     62  3.8E-01    497  1.2E-05  6.2E-01 -2.9313563E+04    118 6.5E-01
    69     34  2.9E-03    507  1.2E-05  7.7E-01 -2.9328003E+04    102 6.5E-01

 Major Minors     Step   nCon Feasible  Optimal  MeritFunction     nS Penalty
    70     24  2.1E-04    517  1.2E-05  7.6E-01 -2.9329405E+04    117 6.5E-01
    71     33  3.1E-05    527  1.2E-05  8.2E-01 -2.9329613E+04    140 6.5E-01   R
    72      9  5.5E-05    537  1.2E-05  7.9E-01 -2.8674033E+04    134 6.5E-01 s
    73     17  1.0E+00    538 (9.1E-17) 8.0E-01 -2.8836184E+04    134 6.5E-01
    74     22  9.4E-03    548  2.5E-05  6.8E-01 -2.8867682E+04    121 6.5E-01
    75     17  5.4E-05    558  2.4E-05  7.9E-01 -2.8868007E+04    117 6.5E-01
    76     39  1.1E-06    568  2.4E-05  7.6E-01 -2.8868017E+04    104 6.5E-01

        Minor NonOpt  QP mult  QP step   rgNorm   QP objective     nS
          100     12  8.6E-01  1.0E+00  2.3E-10 -3.0267666E+04    118

 Major Minors     Step   nCon Feasible  Optimal  MeritFunction     nS Penalty
    77    134  7.5E-09    578  2.4E-05  8.9E-01 -2.8868017E+04    131 6.5E-01
    78     47  3.2E-08    588  2.4E-05  6.2E-01 -2.8868017E+04    116 6.5E-01
    79     65  1.0E-09    598  2.4E-05  8.0E-01 -2.8868017E+04    137 6.5E-01

 Major Minors     Step   nCon Feasible  Optimal  MeritFunction     nS Penalty
    80     26  1.5E-09    608  2.4E-05  7.8E-01 -2.8868017E+04    131 6.5E-01
    81     49  1.6E-10    618  2.4E-05  7.4E-01 -2.8868017E+04    131 6.5E-01
    82     28  6.5E-11    628  2.4E-05  7.7E-01 -2.8868017E+04    137 6.5E-01   R
    83     11  7.8E-11    638  2.4E-05  7.3E-01 -2.8868017E+04    130 6.5E-01 s
    84      9  2.2E-11    648  2.4E-05  8.0E-01 -2.8868017E+04    130 6.5E-01
    85      9  6.9E-13    657  2.4E-05  7.6E-01 -2.8868017E+04    124 6.5E-01
    86      5  1.0E-13    667  2.4E-05  7.8E-01 -2.8868017E+04    122 6.5E-01
    87     20  4.4E-02    677  2.3E-05  7.1E-01 -2.8938678E+04    121 6.5E-01
