
 ==============================
 S N O P T  7.2-12.3 (Aug 2014)
 ==============================
 opt-files/9turb-circle-1200r/snopt-wec/080dirs/026-wec1.4-print.out
 XXX  Keyword not recognized:         OPT-FILES/9TURB-
 opt-files/9turb-circle-1200r/snopt-wec/080dirs/026-wec1.4-summary.out
 XXX  Keyword not recognized:         OPT-FILES/9TURB-
 
 SNMEMA EXIT 100 -- finished successfully
 SNMEMA INFO 104 -- memory requirements estimated
 
 

 Nonlinear constraints      45     Linear constraints       1
 Nonlinear variables        18     Linear variables         0
 Jacobian  variables        18     Objective variables     18
 Total constraints          46     Total variables         18
 

 
 The user has defined     828   out of     828   first  derivatives
 

 Major Minors     Step   nCon Feasible  Optimal  MeritFunction    nS Penalty
     0     10               1 (2.1E-10) 4.6E-03 -4.5886542E+03    10           r
     1      1  1.0E+00      2 (2.0E-09) 4.6E-03 -4.5886577E+03    10         n r
     2      1  3.2E-01      3 (5.9E-08) 4.3E-03 -4.5886761E+03    10         s  l
     3      1  1.0E+00      4  5.1E-05  2.4E-03 -4.5887681E+03    10
     4      1  1.0E+00      5  6.8E-06  9.0E-04 -4.5888216E+03    10
     5      1  1.0E+00      6 (3.0E-07) 3.6E-04 -4.5888271E+03    10
     6      1  1.0E+00      7 (8.7E-07) 7.1E-04 -4.5888302E+03    10
     7      1  1.0E+00      8 (5.6E-07) 3.6E-04 -4.5888314E+03    10
     8      1  1.0E+00      9 (1.2E-07) 3.5E-04 -4.5888329E+03    10
     9      1  1.0E+00     10 (4.3E-07) 3.5E-04 -4.5888331E+03    10

 Major Minors     Step   nCon Feasible  Optimal  MeritFunction    nS Penalty
    10      1  1.0E+00     11 (2.2E-08) 9.6E-05 -4.5888336E+03    10
    11      1  1.0E+00     12 (1.9E-08) 1.2E-04 -4.5888337E+03    10
    12      1  1.0E+00     13 (4.8E-08) 1.1E-04 -4.5888338E+03    10
    13      1  1.0E+00     14 (8.0E-09) 3.0E-05 -4.5888338E+03    10
    14      1  1.0E+00     15 (5.7E-09) 1.1E-04 -4.5888339E+03    10
    15      1  1.9E-02     18 (5.7E-09) 9.5E-05 -4.5888339E+03    10
    16      1  2.0E-01     20 (4.5E-09) 1.3E-04 -4.5888339E+03    10
    17      1  2.7E-01     22 (3.8E-09) 1.5E-04 -4.5888339E+03    10
    18      1  2.2E-01     24 (3.1E-09) 9.9E-05 -4.5888339E+03    10
    19      1  1.0E+00     25 (1.6E-09) 1.0E-04 -4.5888339E+03    10

 Major Minors     Step   nCon Feasible  Optimal  MeritFunction    nS Penalty
    20      1  1.0E+00     26 (7.9E-10) 1.6E-04 -4.5888339E+03    10
    21      1  3.8E-01     28 (5.2E-10) 7.3E-05 -4.5888339E+03    10
    22      1  2.8E-01     30 (3.8E-10) 8.0E-05 -4.5888339E+03    10
    23      1  2.0E-02     33 (3.7E-10) 9.9E-05 -4.5888339E+03    10
    24      1  7.5E-01     35 (2.4E-10) 9.1E-05 -4.5888339E+03    10
    25      1  5.0E-02     38 (2.3E-10) 9.8E-05 -4.5888339E+03    10
    26      1  5.4E-02     41 (2.2E-10) 1.0E-04 -4.5888339E+03    10
    27      1  2.7E-01     43 (1.7E-10) 6.5E-05 -4.5888339E+03    10
    28      1  2.0E-01     45 (1.4E-10) 1.4E-04 -4.5888339E+03    10
    29      1  1.0E+00     46 (3.7E-10) 9.6E-05 -4.5888339E+03    10

 Major Minors     Step   nCon Feasible  Optimal  MeritFunction    nS Penalty
    30      1  1.0E+00     47 (2.9E-11) 6.3E-05 -4.5888339E+03    10
    31      1  3.3E-01     49 (2.4E-11) 1.4E-04 -4.5888339E+03    10
    32      1  2.0E-01     51 (2.9E-11) 1.4E-04 -4.5888339E+03    10
    33      1  1.0E+00     52 (1.0E-11) 9.3E-05 -4.5888339E+03    10
    34      1  1.0E+00     53 (4.4E-12) 9.6E-05 -4.5888339E+03    10
    35      1  1.0E+00     54 (9.2E-13) 6.2E-05 -4.5888339E+03    10
    36      1  5.4E-01     56 (7.5E-13) 1.4E-04 -4.5888339E+03    10
    37      1  3.2E-02     59 (7.3E-13) 1.4E-04 -4.5888339E+03    10
    38      1  1.5E-01     61 (6.2E-13) 1.4E-04 -4.5888339E+03    10
    39      1  3.3E-01     63 (4.7E-13) 1.3E-04 -4.5888339E+03    10

 Major Minors     Step   nCon Feasible  Optimal  MeritFunction    nS Penalty
    40      1  2.4E-01     65 (4.5E-13) 9.5E-05 -4.5888339E+03    10
    41      1  3.6E-01     67 (3.2E-13) 9.3E-05 -4.5888339E+03    10
    42      1  3.2E-01     69 (2.2E-13) 6.2E-05 -4.5888339E+03    10
    43      1  3.5E-01     71 (1.7E-13) 9.1E-05 -4.5888339E+03    10
    44      1  5.3E-01     73 (1.8E-13) 1.4E-04 -4.5888339E+03    10
    45      1  1.7E-01     75 (1.5E-13) 1.4E-04 -4.5888339E+03    10
    46      1  1.8E-01     77 (1.3E-13) 1.3E-04 -4.5888339E+03    10
    47      1  1.9E-01     79 (1.1E-13) 6.2E-05 -4.5888339E+03    10
    48      1  5.1E-01     81 (5.8E-14) 9.5E-05 -4.5888339E+03    10
    49      1  1.7E-01     83 (5.6E-14) 9.5E-05 -4.5888339E+03    10

 Major Minors     Step   nCon Feasible  Optimal  MeritFunction    nS Penalty
    50      1  9.4E-02     85 (5.2E-14) 9.8E-05 -4.5888339E+03    10
    51      1  4.1E-01     87 (3.1E-14) 1.4E-04 -4.5888339E+03    10
    52      1  1.0E+00     88 (9.0E-16) 6.2E-05 -4.5888339E+03    10
    53      1  1.0E+00     89 (1.1E-15) 6.2E-05 -4.5888339E+03    10
    54      1  2.5E-04     93 (9.8E-16) 6.2E-05 -4.5888339E+03    10
    55      1  3.3E-01     95 (9.8E-16) 9.0E-05 -4.5888339E+03    10
    56      1  4.9E-01     97 (4.5E-16) 1.4E-04 -4.5888339E+03    10
    57      1  1.0E+00     98 (1.1E-15) 1.3E-04 -4.5888339E+03    10
    58      1  1.0E+00     99 (1.5E-16) 1.4E-04 -4.5888339E+03    10
    59      1  1.3E-01    101 (2.3E-16) 9.3E-05 -4.5888339E+03    10

 Major Minors     Step   nCon Feasible  Optimal  MeritFunction    nS Penalty
    60      1  4.3E-02    106 (2.3E-16) 9.8E-05 -4.5888339E+03    10
    61      1  3.9E-02    116 (2.3E-16) 9.8E-05 -4.5888339E+03    10
    62      1  1.0E+00    117 (7.5E-17) 6.2E-05 -4.5888339E+03    10
    63      1  1.0E+00    118 (7.5E-17) 9.5E-05 -4.5888339E+03    10
    64      1  3.0E-01    120 (7.5E-17) 1.3E-04 -4.5888339E+03    10
    65      1  6.9E-01    123 (1.5E-16) 1.4E-04 -4.5888339E+03    10
    66      1  1.2E-01    126 (7.5E-17) 8.7E-05 -4.5888339E+03    10
    67      1  3.8E-02    136 (1.5E-16) 8.7E-05 -4.5888339E+03    10
    68      1  7.5E-06    146 (1.5E-16) 8.7E-05 -4.5888339E+03    10
    69      1  1.0E-07    154 (1.5E-16) 8.7E-05 -4.5888339E+03    10

 Major Minors     Step   nCon Feasible  Optimal  MeritFunction    nS Penalty
    70      1  7.8E-09    162 (1.5E-16) 8.7E-05 -4.5888339E+03    10
 
 SNOPTA EXIT   0 -- finished successfully
 SNOPTA INFO   3 -- requested accuracy could not be achieved

 Problem name                 opt prob
 No. of iterations                  80   Objective value     -4.5888338776E+03
 No. of major iterations            70   Linear objective     0.0000000000E+00
 Penalty parameter           0.000E+00   Nonlinear objective -4.5888338776E+03
 No. of calls to funobj            188   No. of calls to funcon            188
 No. of superbasics                 10   No. of basic nonlinears             8
 No. of degenerate steps             0   Percentage                       0.00
 Max x                       7 1.2E+03   Max pi                     46 1.0E+00
 Max Primal infeas           0 0.0E+00   Max Dual infeas             2 1.7E-04
 Nonlinear constraint violn    4.5E-13
 
 

 Solution printed on file  18
 
 Time for MPS input                             0.00 seconds
 Time for solving problem                       2.15 seconds
 Time for solution output                       0.00 seconds
 Time for constraint functions                  2.39 seconds
 Time for objective function                    0.00 seconds
