
 ==============================
 S N O P T  7.7.3    (Dec 2019)
 ==============================
 wec2.2-print.out
 XXX  Keyword not recognized:         WEC2.2-PRINT.OUT
 wec2.2-summary.out
 XXX  Keyword not recognized:         WEC2.2-SUMMARY.O

 SNMEMA EXIT 100 -- finished successfully
 SNMEMA INFO 104 -- memory requirements estimated



 Nonlinear constraints     136     Linear constraints       1
 Nonlinear variables        32     Linear variables         0
 Jacobian  variables        32     Objective variables     32
 Total constraints         137     Total variables         32



 The user has defined    4384   out of    4384   first  derivatives


 Major Minors     Step   nCon Feasible  Optimal  MeritFunction     nS Penalty
     0     21               1 (9.4E-13) 1.4E-01 -1.3296251E+05     21           r
     1      1  1.0E+00      2 (5.2E-09) 1.4E-01 -1.3296303E+05     21           r
     2      1  3.4E-01      3 (3.3E-07) 1.4E-01 -1.3296698E+05     21         s  l
     3      1  1.0E+00      4  1.6E-04  1.3E-01 -1.3298555E+05     21
     4      1  1.0E+00      5  2.1E-05  3.7E-02 -1.3300567E+05     21
     5      1  1.0E+00      6  1.4E-05  4.0E-02 -1.3300950E+05     21
     6      1  1.0E+00      7  4.6E-05  3.0E-02 -1.3301393E+05     21
     7      1  1.0E+00      8  5.9E-06  2.8E-02 -1.3301609E+05     21
     8      1  2.7E-01     10  1.2E-05  2.1E-02 -1.3301733E+05     21
     9      1  1.0E+00     11  1.4E-05  4.2E-02 -1.3301765E+05     21

 Major Minors     Step   nCon Feasible  Optimal  MeritFunction     nS Penalty
    10      1  1.0E+00     12  5.8E-06  2.5E-02 -1.3301805E+05     21
    11      1  1.0E+00     13  1.4E-06  1.4E-02 -1.3301900E+05     21
    12      1  1.0E+00     14  2.8E-06  1.8E-02 -1.3301911E+05     21
    13      1  1.0E+00     15 (3.0E-07) 1.0E-02 -1.3301943E+05     21
    14      1  3.7E-01     17 (4.2E-07) 2.0E-02 -1.3301947E+05     21
    15      1  1.4E-01     19 (5.4E-07) 2.0E-02 -1.3301955E+05     21
    16      1  2.3E-01     21 (4.2E-07) 1.4E-02 -1.3301956E+05     21
    17      1  1.0E+00     22 (9.3E-07) 5.0E-03 -1.3301964E+05     21
    18      1  3.5E-01     24 (6.1E-07) 1.3E-02 -1.3301965E+05     21
    19      1  4.2E-01     26 (3.6E-07) 4.3E-03 -1.3301967E+05     21

 Major Minors     Step   nCon Feasible  Optimal  MeritFunction     nS Penalty
    20      1  4.6E-01     28 (2.3E-07) 4.2E-03 -1.3301969E+05     21
    21      1  1.1E-01     30 (2.2E-07) 1.7E-02 -1.3301970E+05     21
    22      1  1.5E-01     32 (2.2E-07) 1.6E-02 -1.3301970E+05     21
    23      1  2.3E-01     34 (2.0E-07) 1.1E-02 -1.3301971E+05     21
    24      1  2.6E-01     36 (1.5E-07) 1.0E-02 -1.3301971E+05     21
    25      1  1.0E+00     37 (5.8E-08) 1.5E-02 -1.3301972E+05     21
    26      1  1.0E+00     38 (6.3E-09) 3.6E-03 -1.3301972E+05     21
    27      1  5.1E-01     40 (3.1E-08) 5.0E-03 -1.3301973E+05     21
    28      1  6.9E-01     42 (3.0E-08) 1.0E-02 -1.3301973E+05     21
    29      1  2.2E-01     44 (2.5E-08) 1.0E-02 -1.3301974E+05     21

 Major Minors     Step   nCon Feasible  Optimal  MeritFunction     nS Penalty
    30      1  4.5E-02     47 (2.4E-08) 1.5E-02 -1.3301974E+05     21
    31      1  1.9E-01     49 (4.5E-08) 4.5E-03 -1.3301974E+05     21
    32      1  1.0E+00     50 (2.1E-09) 4.5E-03 -1.3301974E+05     21
    33      1  1.7E-01     52 (2.0E-09) 4.5E-03 -1.3301974E+05     21
    34      1  1.5E-02     59 (2.3E-09) 5.1E-03 -1.3301974E+05     21
    35      1  2.7E-01     61 (1.7E-09) 1.0E-02 -1.3301974E+05     21
    36      1  1.0E+00     62 (1.3E-08) 1.2E-02 -1.3301975E+05     21
    37      1  1.0E+00     63 (2.7E-09) 1.0E-02 -1.3301975E+05     21
    38      1  1.6E-01     65 (2.4E-09) 1.4E-02 -1.3301975E+05     21
    39      1  2.3E-01     67 (1.8E-09) 1.5E-02 -1.3301975E+05     21

 Major Minors     Step   nCon Feasible  Optimal  MeritFunction     nS Penalty
    40      1  1.0E+00     68 (2.0E-09) 5.0E-03 -1.3301975E+05     21
    41      1  5.4E-01     70 (9.7E-10) 4.6E-03 -1.3301975E+05     21
    42      1  1.6E-01     72 (8.6E-10) 1.0E-02 -1.3301975E+05     21
    43      1  6.3E-01     74 (4.0E-10) 1.0E-02 -1.3301975E+05     21
    44      1  2.9E-02     77 (3.9E-10) 1.0E-02 -1.3301975E+05     21
    45      1  3.8E-01     79 (2.5E-10) 1.4E-02 -1.3301975E+05     21
    46      1  2.6E-01     81 (2.3E-10) 4.6E-03 -1.3301975E+05     21
    47      1  3.5E-01     83 (1.6E-10) 1.4E-02 -1.3301975E+05     21
    48      1  3.1E-01     85 (1.5E-10) 1.4E-02 -1.3301975E+05     21
    49      1  3.2E-01     87 (1.3E-10) 5.0E-03 -1.3301975E+05     21

 Major Minors     Step   nCon Feasible  Optimal  MeritFunction     nS Penalty
    50      1  3.1E-01     89 (9.3E-11) 5.0E-03 -1.3301975E+05     21
    51      1  2.5E-01     91 (8.0E-11) 4.6E-03 -1.3301975E+05     21
    52      1  1.3E-01    101 (8.0E-11) 1.1E-02 -1.3301975E+05     21
    53      1  1.0E+00    102 (4.7E-11) 1.4E-02 -1.3301975E+05     21
    54      1  2.9E-01    104 (3.3E-11) 5.0E-03 -1.3301975E+05     21
    55      1  1.0E+00    105 (1.1E-11) 4.9E-03 -1.3301975E+05     21
    56      1  3.1E-01    107 (2.0E-11) 1.1E-02 -1.3301975E+05     21
    57      1  1.0E+00    108 (1.7E-11) 1.4E-02 -1.3301975E+05     21
    58      1  2.5E-01    111 (1.4E-11) 1.4E-02 -1.3301975E+05     21
    59      1  3.8E-02    113 (1.4E-11) 1.4E-02 -1.3301975E+05     21

 Major Minors     Step   nCon Feasible  Optimal  MeritFunction     nS Penalty
    60      1  2.1E-02    123 (1.3E-11) 1.4E-02 -1.3301975E+05     21
    61      1  3.5E-06    133 (1.3E-11) 1.4E-02 -1.3301975E+05     21
    61      1             139 (1.3E-11) 1.4E-02 -1.3301975E+05     21           R
    61      1             155 (1.3E-11) 1.4E-02 -1.3301975E+05     21           r
    62      2  7.2E-07    164 (1.3E-11) 1.0E-02 -1.3301975E+05     21         s
    63      1  1.0E+00    165 (2.5E-16) 4.6E-03 -1.3301975E+05     21
    64      1  1.0E+00    166 (2.5E-16) 1.4E-02 -1.3301975E+05     21
    65      1  2.8E-01    168 (2.5E-16) 1.4E-02 -1.3301975E+05     21
    66      1  1.0E+00    169 (2.5E-16) 4.6E-03 -1.3301975E+05     21
    67      1  1.0E+00    171 (2.5E-16) 4.6E-03 -1.3301975E+05     21
    68      1  1.0E+00    172 (1.3E-16) 9.6E-03 -1.3301975E+05     21
    69      1  1.0E+00    173 (1.3E-16) 1.0E-02 -1.3301975E+05     21

 Major Minors     Step   nCon Feasible  Optimal  MeritFunction     nS Penalty
    70      1  1.0E+00    174 (1.3E-16) 1.4E-02 -1.3301975E+05     21
    71      1  2.9E-01    176 (1.3E-16) 1.4E-02 -1.3301975E+05     21
    72      1  1.0E+00    177 (1.3E-16) 4.8E-03 -1.3301975E+05     21
    73      1  1.0E+00    179 (1.3E-16) 4.8E-03 -1.3301975E+05     21
    74      1  1.0E+00    180 (2.5E-16) 4.6E-03 -1.3301975E+05     21
    75      1  4.1E-01    182 (1.3E-16) 1.0E-02 -1.3301975E+05     21
    76      1  2.2E-01    193 (1.3E-16) 1.0E-02 -1.3301975E+05     21
    76      1             216 (1.3E-16) 9.5E-03 -1.3301975E+05     21           R
    77      1  1.3E-01    218 (1.3E-16) 1.4E-02 -1.3301975E+05     21         s
    78      1  1.0E+00    219 (2.5E-16) 1.4E-02 -1.3301975E+05     21
    79      1  1.0E+00    220 (2.5E-16) 4.6E-03 -1.3301975E+05     21

 Major Minors     Step   nCon Feasible  Optimal  MeritFunction     nS Penalty
    80      1  1.0E+00    221 (2.5E-16) 3.3E-02 -1.3301975E+05     21

 Major Minors     Step   nCon Feasible  Optimal  MeritFunction     nS Penalty
    80      1             251 (2.5E-16) 4.6E-03 -1.3301975E+05     21           R
    81      1  1.0E+00    253 (2.5E-16) 4.6E-03 -1.3301975E+05     21         sM
    82      1  1.0E+00    254 (2.5E-16) 9.5E-03 -1.3301975E+05     21
    83      1  2.0E-03    265 (2.5E-16) 9.5E-03 -1.3301975E+05     21
    84      1  2.5E-03    275 (3.8E-16) 9.5E-03 -1.3301975E+05     21           R
    85      1  3.5E-03    286 (3.8E-16) 9.5E-03 -1.3301975E+05     21           R
    86      1  1.1E-02    296 (2.5E-16) 9.5E-03 -1.3301975E+05     21           r
    87      2  2.8E-09    302 (2.5E-16) 4.6E-03 -1.3301975E+05     21         s
    88      1  1.1E-04    317 (2.5E-16) 4.6E-03 -1.3301975E+05     21         sM
    89      1  9.5E-08    327 (2.5E-16) 4.6E-03 -1.3301975E+05     21

 Major Minors     Step   nCon Feasible  Optimal  MeritFunction     nS Penalty
    90      1  9.5E-08    337 (2.5E-16) 4.6E-03 -1.3301975E+05     21           R
    91      1  5.2E-07    347 (2.5E-16) 4.6E-03 -1.3301975E+05     21           R
    92      1  6.5E-07    357 (2.5E-16) 4.6E-03 -1.3301975E+05     21           r
    93      2  3.8E-09    367 (2.5E-16) 9.5E-03 -1.3301975E+05     21         s
    94      1  9.3E-03    378 (2.5E-16) 9.5E-03 -1.3301975E+05     21         sM
    95      2  9.0E-06    383 (2.5E-16) 1.4E-02 -1.3301975E+05     21
    96      2  2.0E-06    393 (2.5E-16) 1.4E-02 -1.3301975E+05     21
    97      1  2.7E-10    401 (2.5E-16) 1.4E-02 -1.3301975E+05     21
    97      2             408 (2.5E-16) 1.4E-02 -1.3301975E+05     21           R
    98      3  8.7E-04    418 (2.5E-16) 2.9E-01 -1.3301975E+05     22         s
    99      1  8.7E-09    428 (2.5E-16) 2.9E-01 -1.3301975E+05     22

 Major Minors     Step   nCon Feasible  Optimal  MeritFunction     nS Penalty
   100      1  4.9E-09    438 (2.5E-16) 2.9E-01 -1.3301975E+05     22

 Major Minors     Step   nCon Feasible  Optimal  MeritFunction     nS Penalty
   100      1             444 (2.5E-16) 2.9E-01 -1.3301975E+05     22           R
   101      3  1.4E-09    452 (2.5E-16) 2.8E-01 -1.3301975E+05     21         s
   101      1             458 (2.5E-16) 4.6E-03 -1.3301975E+05     21         s R

 SNOPTA EXIT   0 -- finished successfully
 SNOPTA INFO   3 -- requested accuracy could not be achieved

 Problem name                 opt prob
 No. of iterations                 139   Objective           -1.3301974814E+05
 No. of major iterations           101   Linear    obj. term  0.0000000000E+00
 Penalty parameter           0.000E+00   Nonlinear obj. term -1.3301974814E+05
 User function calls (total)       497
 No. of superbasics                 21   No. of basic nonlinears            11
 No. of degenerate steps             1   Percentage                       0.72
 Max x                      14 9.0E+02   Max pi                    122 4.2E+00
 Max Primal infeas         155 2.3E-13   Max Dual infeas           156 2.3E+00
 Nonlinear constraint violn    2.3E-13



 Solution printed on file  18

 Time for MPS input                             0.00 seconds
 Time for solving problem                      25.75 seconds
 Time for solution output                       0.00 seconds
 Time for constraint functions                 25.75 seconds
 Time for objective function                    0.00 seconds
