
 ==============================
 S N O P T  7.2-12.3 (Aug 2014)
 ==============================
 opt-files/9turb-circle-600r/snopt-wec/360dirs/050-wec3.0-print.out
 XXX  Keyword not recognized:         OPT-FILES/9TURB-
 opt-files/9turb-circle-600r/snopt-wec/360dirs/050-wec3.0-summary.out
 XXX  Keyword not recognized:         OPT-FILES/9TURB-
 
 SNMEMA EXIT 100 -- finished successfully
 SNMEMA INFO 104 -- memory requirements estimated
 
 

 Nonlinear constraints      45     Linear constraints       1
 Nonlinear variables        18     Linear variables         0
 Jacobian  variables        18     Objective variables     18
 Total constraints          46     Total variables         18
 

 
 The user has defined     828   out of     828   first  derivatives
 

 Major Minors     Step   nCon Feasible  Optimal  MeritFunction    nS Penalty
     0     18               1 (0.0E+00) 4.0E-01 -2.1123623E+03    18           r
     1      1  2.9E-01      2 (0.0E+00) 3.9E-01 -2.1145500E+03    18         n rl
     2      6  2.9E-01      3 (0.0E+00) 5.3E-01 -2.1167343E+03    13         s  l
     3      4  1.0E+00      4  1.9E-02  2.7E-01 -2.2803071E+03    12
     4      4  1.0E+00      5  3.0E-03  2.0E-01 -2.3904405E+03    11
     5      3  1.0E+00      6  2.6E-03  9.8E-02 -2.4535194E+03    11
     6      1  1.0E+00      7  6.2E-04  8.4E-02 -2.4667009E+03    11
     7      2  3.6E-01      9  4.1E-04  6.3E-02 -2.4707847E+03    10
     8      1  1.0E+00     10  1.7E-03  7.7E-02 -2.4755059E+03    10
     9      5  1.0E+00     11  4.0E-04  2.5E-01 -2.4816170E+03    10

 Major Minors     Step   nCon Feasible  Optimal  MeritFunction    nS Penalty
    10      3  1.0E+00     12  1.5E-03  7.7E-02 -2.4961097E+03    10
    11      1  1.0E+00     13  8.7E-05  6.1E-02 -2.4975527E+03    10
    12      3  1.0E+00     14  2.5E-04  6.0E-02 -2.5018583E+03     8
    13      3  3.6E-01     16  1.5E-03  8.7E-02 -2.5088960E+03    10
    14      4  1.0E+00     18  3.6E-03  1.4E-01 -2.5254379E+03     9          M
    15      1  1.0E+00     19  1.6E-03  1.1E-01 -2.5625415E+03     9
    16      1  1.0E+00     20  1.6E-04  6.2E-02 -2.5664500E+03     9
    17      1  1.0E+00     21  1.2E-04  3.4E-02 -2.5692470E+03     9
    18      1  1.0E+00     22  3.3E-04  1.2E-02 -2.5707563E+03     9
    19      1  1.0E+00     23  1.8E-05  1.1E-02 -2.5709695E+03     9

 Major Minors     Step   nCon Feasible  Optimal  MeritFunction    nS Penalty
    20      1  1.0E+00     24  1.9E-05  4.2E-03 -2.5710330E+03     9
    21      1  1.0E+00     25  2.6E-06  2.6E-03 -2.5710459E+03     9
    22      1  1.0E+00     26  2.1E-06  2.3E-03 -2.5710573E+03     9
    23      1  2.9E-01     30  1.6E-06  1.7E-03 -2.5710610E+03     9
    24      1  1.1E-02     40  1.6E-06  1.3E-03 -2.5710612E+03     9
    25      1  2.0E-01     51  1.3E-06  1.7E-03 -2.5710621E+03     9          M
    26      1  1.8E-03     61  1.3E-06  1.8E-03 -2.5710621E+03     9
    27      1  2.4E-05     71  1.3E-06  2.1E-03 -2.5710621E+03     9
    28      1  5.8E-06     81  1.3E-06  3.1E-03 -2.5710621E+03     9
    29      1  4.0E-08     91  1.3E-06  5.0E-03 -2.5710621E+03     9

 Major Minors     Step   nCon Feasible  Optimal  MeritFunction    nS Penalty
    30      1  8.2E-02     96  1.2E-06  2.2E-03 -2.5710639E+03     9
    31      1  7.9E-02     98  1.1E-06  2.2E-03 -2.5710641E+03     9
    32      1  1.7E-01    106 (9.2E-07) 4.4E-03 -2.5710647E+03     9
    33      1  1.7E-03    117 (9.2E-07) 4.5E-03 -2.5710647E+03     9         n
    34      1  7.2E-05    128 (9.2E-07) 1.9E-03 -2.5710647E+03     9         n R
    35      2  6.2E-02    131 (8.6E-07) 3.7E-02 -2.5710647E+03     8         s
    36      1  6.1E-04    142 (8.6E-07) 3.5E-02 -2.5710650E+03     8         n
    37      2  7.8E-06    153 (8.6E-07) 3.1E-02 -2.5710650E+03     9         n R
    38      1  6.6E-01    157 (2.9E-07) 1.6E-01 -2.5710660E+03     9         s
    39      1  3.4E-01    159 (2.0E-07) 4.0E-02 -2.5710664E+03     9

 Major Minors     Step   nCon Feasible  Optimal  MeritFunction    nS Penalty
    40      1  6.8E-01    169 (6.2E-08) 3.2E-02 -2.5710667E+03     9
    41      1  6.2E-04    179 (6.2E-08) 5.0E-03 -2.5710667E+03     9
    42      1  3.0E-05    189 (6.2E-08) 3.3E-03 -2.5710667E+03     9
    43      1  1.9E-06    199 (6.2E-08) 3.3E-03 -2.5710667E+03     9
    44      1  1.7E-07    209 (6.2E-08) 3.3E-03 -2.5710667E+03     9
    45      1  8.5E-09    218 (6.2E-08) 3.3E-03 -2.5710667E+03     9
    46      1  2.2E-09    225 (6.2E-08) 3.3E-03 -2.5710667E+03     9
    47      1  2.1E-10    232 (6.2E-08) 3.3E-03 -2.5710667E+03     9
    47      2             238 (6.2E-08) 2.8E-03 -2.5710667E+03     9           r
    47      2             244 (6.2E-08) 2.8E-03 -2.5710667E+03     9           r
 
 SNOPTA EXIT  40 -- terminated after numerical difficulties
 SNOPTA INFO  41 -- current point cannot be improved

 Problem name                 opt prob
 No. of iterations                  95   Objective value     -2.5710668986E+03
 No. of major iterations            47   Linear objective     0.0000000000E+00
 Penalty parameter           0.000E+00   Nonlinear objective -2.5710668986E+03
 No. of calls to funobj            269   No. of calls to funcon            269
 No. of superbasics                  9   No. of basic nonlinears             9
 No. of degenerate steps             0   Percentage                       0.00
 Max x                      17 6.0E+02   Max pi                     46 1.0E+00
 Max Primal infeas           0 0.0E+00   Max Dual infeas            12 5.5E-03
 Nonlinear constraint violn    1.0E-04
 
 

 Solution printed on file  18
 
 Time for MPS input                             0.00 seconds
 Time for solving problem                      10.88 seconds
 Time for solution output                       0.00 seconds
 Time for constraint functions                 11.75 seconds
 Time for objective function                    0.00 seconds
