
 ==============================
 S N O P T  7.2-12.3 (Aug 2014)
 ==============================
 opt-files/9turb-circle-600r/snopt-wec/040dirs/023-wec3.0-print.out
 XXX  Keyword not recognized:         OPT-FILES/9TURB-
 opt-files/9turb-circle-600r/snopt-wec/040dirs/023-wec3.0-summary.out
 XXX  Keyword not recognized:         OPT-FILES/9TURB-
 
 SNMEMA EXIT 100 -- finished successfully
 SNMEMA INFO 104 -- memory requirements estimated
 
 

 Nonlinear constraints      45     Linear constraints       1
 Nonlinear variables        18     Linear variables         0
 Jacobian  variables        18     Objective variables     18
 Total constraints          46     Total variables         18
 

 
 The user has defined     828   out of     828   first  derivatives
 

 Major Minors     Step   nCon Feasible  Optimal  MeritFunction    nS Penalty
     0     18               1 (0.0E+00) 3.5E-01 -2.0330143E+03    18           r
     1      1  3.2E-01      2 (0.0E+00) 3.5E-01 -2.0350937E+03    18         n rl
     2      1  3.2E-01      4 (0.0E+00) 3.5E-01 -2.0371896E+03    18         n rl
     3     11  1.3E+01      7 (1.1E-08) 3.5E-01 -2.1203024E+03    10         s
     4     11  1.0E+00      8  5.8E-02  2.3E-01 -2.3477414E+03     8
     5      9  4.1E-01     10  3.3E-02  3.1E-01 -2.3876198E+03     6
     6     15  3.0E-01     12  2.7E-02  1.8E-01 -2.4236659E+03     7
     7      9  3.1E-01     14  2.1E-02  2.1E-01 -2.4532142E+03     7
     8      3  1.0E+00     15  1.9E-02  2.3E-01 -2.4787536E+03     7
     9      5  4.4E-01     17  1.1E-02  1.1E-01 -2.5010367E+03     9

 Major Minors     Step   nCon Feasible  Optimal  MeritFunction    nS Penalty
    10      3  2.6E-01     19  9.3E-03  6.5E-02 -2.5176662E+03     9
    11      2  1.8E-01     21  7.9E-03  4.4E-02 -2.5216077E+03    10
    12      2  2.9E-01     23  5.6E-03  3.1E-02 -2.5204512E+03     9 1.4E-02
    13      4  2.1E-01     25  4.5E-03  2.4E-02 -2.5211936E+03    10 1.4E-02
    14      1  1.7E-01     27  3.7E-03  9.1E-03 -2.5211366E+03    10 1.8E-02
    15      1  5.8E-01     29  1.6E-03  4.4E-03 -2.5206197E+03    10 3.7E-02
    16      1  5.4E-01     31  7.7E-04  1.1E-02 -2.5206323E+03    10 3.7E-02
    17      1  2.8E-02     41  7.5E-04  7.8E-03 -2.5206533E+03    10 3.7E-02
    18      1  1.0E+00     42  5.3E-06  2.7E-02 -2.5206632E+03    10 3.7E-02
    19      1  1.0E+00     43  1.6E-06  1.1E-02 -2.5206758E+03    10 3.7E-02

 Major Minors     Step   nCon Feasible  Optimal  MeritFunction    nS Penalty
    20      1  1.0E+00     44  1.2E-06  1.1E-02 -2.5206833E+03    10 3.7E-02
    21      2  1.0E+00     46  1.4E-06  2.8E-02 -2.5207012E+03     9 3.7E-02  m
    22      2  3.9E-02     49  5.6E-06  1.8E-02 -2.5207163E+03    10 3.7E-02
    23      1  3.4E-01     51  1.0E-05  1.7E-02 -2.5207248E+03    10 3.7E-02
    24      1  1.0E+00     53 (8.8E-07) 6.1E-02 -2.5207410E+03    10 3.7E-02  M
    25      1  2.0E-01     55  3.6E-06  1.1E-02 -2.5207435E+03    10 3.7E-02
    26      1  1.0E+00     56  2.2E-06  1.1E-02 -2.5207504E+03    10 3.7E-02
    27      1  1.0E+00     57 (2.1E-07) 1.1E-02 -2.5207541E+03    10 3.7E-02
    28      1  1.0E+00     58 (7.5E-07) 9.7E-03 -2.5207555E+03    10 3.7E-02
    29      1  1.6E-01     60 (6.3E-07) 9.2E-03 -2.5207566E+03    10 3.7E-02

 Major Minors     Step   nCon Feasible  Optimal  MeritFunction    nS Penalty
    30      1  1.5E-02     70 (6.2E-07) 9.5E-03 -2.5207570E+03    10 3.7E-02
    31      1  2.1E-04     80 (6.2E-07) 9.5E-03 -2.5207570E+03    10 3.7E-02
    32      1  8.5E-06     90 (6.2E-07) 9.5E-03 -2.5207570E+03    10 3.7E-02
    33      1  1.3E-06    100 (6.2E-07) 9.6E-03 -2.5207570E+03    10 3.7E-02
    34      1  7.8E-08    110 (6.2E-07) 9.6E-03 -2.5207570E+03    10 3.7E-02
    35      1  5.5E-09    120 (6.2E-07) 9.6E-03 -2.5207570E+03    10 3.7E-02
    36      1  2.1E-09    130 (6.2E-07) 9.6E-03 -2.5207570E+03    10 3.7E-02
    37      1  7.9E-10    140 (6.2E-07) 9.6E-03 -2.5207570E+03    10 3.7E-02
    38      1  3.1E-11    148 (6.2E-07) 9.6E-03 -2.5207570E+03    10 3.7E-02
    39      1  7.5E-12    157 (6.2E-07) 9.5E-03 -2.5207570E+03    10 3.7E-02
    39      2             164 (6.2E-07) 7.5E-03 -2.5207570E+03    10           r
    39      2             171 (6.2E-07) 7.5E-03 -2.5207570E+03    10           r
 
 SNOPTA EXIT  40 -- terminated after numerical difficulties
 SNOPTA INFO  41 -- current point cannot be improved

 Problem name                 opt prob
 No. of iterations                 123   Objective value     -2.5207579970E+03
 No. of major iterations            39   Linear objective     0.0000000000E+00
 Penalty parameter           0.000E+00   Nonlinear objective -2.5207579970E+03
 No. of calls to funobj            197   No. of calls to funcon            197
 No. of superbasics                 10   No. of basic nonlinears             8
 No. of degenerate steps             0   Percentage                       0.00
 Max x                       2 5.8E+02   Max pi                     46 1.0E+00
 Max Primal infeas           0 0.0E+00   Max Dual infeas            18 1.5E-02
 Nonlinear constraint violn    9.5E-04
 
 

 Solution printed on file  18
 
 Time for MPS input                             0.00 seconds
 Time for solving problem                       1.03 seconds
 Time for solution output                       0.00 seconds
 Time for constraint functions                  1.16 seconds
 Time for objective function                    0.00 seconds
