
 ==============================
 S N O P T  7.7.3    (Dec 2019)
 ==============================
 opt-files/9turb-circle-600r/snopt-wec/010dirs/070-wec1.0-print.out
 XXX  Keyword not recognized:         OPT-FILES/9TURB-
 opt-files/9turb-circle-600r/snopt-wec/010dirs/070-wec1.0-summary.out
 XXX  Keyword not recognized:         OPT-FILES/9TURB-

 SNMEMA EXIT 100 -- finished successfully
 SNMEMA INFO 104 -- memory requirements estimated



 Nonlinear constraints      45     Linear constraints       1
 Nonlinear variables        18     Linear variables         0
 Jacobian  variables        18     Objective variables     18
 Total constraints          46     Total variables         18



 The user has defined     828   out of     828   first  derivatives


 Major Minors     Step   nCon Feasible  Optimal  MeritFunction     nS Penalty
     0     15               1 (5.6E-15) 3.1E-01 -4.8202601E+03     15           r
     1      1  1.0E+00      2 (3.6E-08) 3.1E-01 -4.8203854E+03     15           r
     2      5  3.1E-01      3 (7.2E-07) 3.6E-01 -4.8209321E+03     13         s  l
     3      7  8.4E-02      5  1.3E-04  4.1E-01 -4.8348539E+03     15
     4      9  5.2E-02      7 (0.0E+00) 2.8E-01 -4.8420392E+03     15
     5      2  1.0E-01      9  1.2E-05  3.0E-01 -4.8457031E+03     14
     6      4  6.0E-02     11  6.8E-05  1.5E-01 -4.8482182E+03     15
     7      2  9.8E-02     13  1.3E-04  1.4E-01 -4.8507390E+03     14
     8      2  3.7E-01     15  9.5E-05  1.6E-01 -4.8532071E+03     15
     9      3  1.0E+00     16  2.0E-04  1.3E-01 -4.8545424E+03     13

 Major Minors     Step   nCon Feasible  Optimal  MeritFunction     nS Penalty
    10      2  1.0E+00     17  4.5E-05  6.5E-02 -4.8566008E+03     14
    11      1  4.3E-01     19  4.6E-05  5.0E-02 -4.8574564E+03     14
    12      2  3.4E-01     21  3.5E-05  3.5E-02 -4.8578880E+03     15
    13      2  5.0E-01     23  4.9E-05  2.4E-02 -4.8580600E+03     14
    14      1  1.0E+00     24  9.5E-05  4.3E-02 -4.8580876E+03     14
    15      1  1.0E+00     25  1.4E-06  3.3E-02 -4.8582330E+03     14
    16      1  1.0E+00     26  2.0E-06  2.3E-02 -4.8582777E+03     14
    17      1  1.0E+00     27  6.4E-06  6.3E-03 -4.8583562E+03     14
    18      1  1.0E+00     28  8.0E-06  7.4E-03 -4.8583754E+03     14
    19      1  1.0E+00     29  3.7E-05  1.1E-02 -4.8583958E+03     14

 Major Minors     Step   nCon Feasible  Optimal  MeritFunction     nS Penalty
    20      1  1.0E+00     30  2.7E-05  1.0E-02 -4.8584076E+03     14
    21      1  1.0E+00     31 (8.6E-07) 6.0E-03 -4.8584143E+03     14
    22      1  1.0E+00     32  6.1E-06  2.0E-03 -4.8584190E+03     14
    23      1  1.0E+00     33 (2.3E-07) 1.8E-03 -4.8584201E+03     14
    24      1  1.0E+00     34 (1.8E-07) 1.8E-03 -4.8584201E+03     14
    25      1  1.0E+00     35 (1.2E-07) 1.7E-04 -4.8584202E+03     14
    26      1  1.0E+00     36 (7.1E-09) 1.2E-04 -4.8584202E+03     14
    27      1  1.0E+00     37 (3.4E-10) 1.4E-05 -4.8584202E+03     14
    28      1  1.0E+00     38 (5.2E-11) 2.8E-06 -4.8584202E+03     14
    29      1  1.0E+00     39 (2.1E-12) 1.6E-07 -4.8584202E+03     14

 Major Minors     Step   nCon Feasible  Optimal  MeritFunction     nS Penalty
    30      1  1.0E+00     40 (1.3E-16)(2.6E-08)-4.8584202E+03     14

 SNOPTA EXIT   0 -- finished successfully
 SNOPTA INFO   1 -- optimality conditions satisfied

 Problem name                 opt prob
 No. of iterations                  74   Objective           -4.8584201829E+03
 No. of major iterations            30   Linear    obj. term  0.0000000000E+00
 Penalty parameter           0.000E+00   Nonlinear obj. term -4.8584201829E+03
 User function calls (total)        59
 No. of superbasics                 14   No. of basic nonlinears             4
 No. of degenerate steps             0   Percentage                       0.00
 Max x                      13 8.7E+02   Max pi                     46 1.0E+00
 Max Primal infeas          56 1.1E-13   Max Dual infeas            12 2.6E-08
 Nonlinear constraint violn    1.1E-13



 Solution printed on file  18

 Time for MPS input                             0.00 seconds
 Time for solving problem                       0.12 seconds
 Time for solution output                       0.00 seconds
 Time for constraint functions                  0.12 seconds
 Time for objective function                    0.00 seconds
