
 ==============================
 S N O P T  7.7.3    (Dec 2019)
 ==============================
 opt-files/9turb-circle-600r/snopt-wec/010dirs/073-wec2.6-print.out
 XXX  Keyword not recognized:         OPT-FILES/9TURB-
 opt-files/9turb-circle-600r/snopt-wec/010dirs/073-wec2.6-summary.out
 XXX  Keyword not recognized:         OPT-FILES/9TURB-

 SNMEMA EXIT 100 -- finished successfully
 SNMEMA INFO 104 -- memory requirements estimated



 Nonlinear constraints      45     Linear constraints       1
 Nonlinear variables        18     Linear variables         0
 Jacobian  variables        18     Objective variables     18
 Total constraints          46     Total variables         18



 The user has defined     828   out of     828   first  derivatives


 Major Minors     Step   nCon Feasible  Optimal  MeritFunction     nS Penalty
     0     11               1 (2.6E-07) 9.7E-02 -3.5812066E+03     11           r
     1      1  1.0E+00      2 (2.7E-09) 9.7E-02 -3.5812212E+03     11           r
     2      2  3.8E-01      3 (7.9E-07) 1.4E-01 -3.5814702E+03     10         s  l
     3      2  7.9E-02      5  1.4E-04  3.7E-02 -3.5837887E+03     11
     4      1  1.0E+00      6  3.7E-04  3.7E-02 -3.5849642E+03     11
     5      1  1.0E+00      7  1.5E-04  3.1E-02 -3.5856131E+03     11
     6      1  1.0E+00      8  1.1E-04  1.6E-02 -3.5859743E+03     11
     7      1  1.0E+00      9  3.3E-04  1.3E-02 -3.5863100E+03     11
     8      2  1.0E+00     11  6.7E-04  5.8E-02 -3.5867791E+03     10          m
     9      2  1.2E-01     13  1.4E-03  1.8E-02 -3.5876660E+03     11

 Major Minors     Step   nCon Feasible  Optimal  MeritFunction     nS Penalty
    10      1  1.0E+00     14  1.7E-03  3.9E-02 -3.5882781E+03     11
    11      1  1.0E+00     15  6.3E-05  2.9E-02 -3.5886324E+03     11
    12      1  1.0E+00     16  2.8E-04  3.1E-02 -3.5887599E+03     11
    13      1  1.0E+00     17  1.9E-05  2.3E-02 -3.5888976E+03     11
    14      1  1.0E+00     18  4.4E-05  1.9E-02 -3.5889739E+03     11
    15      1  1.0E+00     19  1.6E-05  1.3E-02 -3.5890737E+03     11
    16      1  1.0E+00     20  6.6E-06  9.9E-03 -3.5891098E+03     11
    17      1  1.0E+00     21  3.5E-06  7.9E-03 -3.5891346E+03     11
    18      1  1.0E+00     22  1.0E-05  4.5E-03 -3.5891696E+03     11
    19      1  1.0E+00     23  3.3E-05  7.3E-03 -3.5891848E+03     11

 Major Minors     Step   nCon Feasible  Optimal  MeritFunction     nS Penalty
    20      1  1.0E+00     24  2.7E-06  1.5E-03 -3.5891948E+03     11
    21      1  1.0E+00     25 (2.0E-07) 1.2E-03 -3.5891957E+03     11
    22      1  6.3E-01     27 (9.9E-08) 1.1E-03 -3.5891962E+03     11
    23      1  3.6E-01     29 (1.1E-07) 9.4E-04 -3.5891964E+03     11
    24      1  4.3E-02     32 (1.1E-07) 8.1E-04 -3.5891964E+03     11
    25      1  2.7E-01     34 (8.0E-08) 7.6E-04 -3.5891964E+03     11
    26      1  3.9E-02     37 (7.7E-08) 1.0E-03 -3.5891964E+03     11
    27      1  3.6E-01     39 (4.9E-08) 1.0E-03 -3.5891965E+03     11
    28      1  5.7E-01     41 (2.1E-08) 1.0E-03 -3.5891965E+03     11
    29      1  3.1E-02     51 (2.1E-08) 1.0E-03 -3.5891965E+03     11

 Major Minors     Step   nCon Feasible  Optimal  MeritFunction     nS Penalty
    30      1  1.7E-05     61 (2.1E-08) 1.0E-03 -3.5891965E+03     11
    31      1  4.8E-08     71 (2.1E-08) 1.0E-03 -3.5891965E+03     11
    32      1  1.8E-08     81 (2.1E-08) 1.0E-03 -3.5891965E+03     11
    33      1  2.6E-10     88 (2.1E-08) 1.0E-03 -3.5891965E+03     11
    33      1              95 (2.1E-08) 1.0E-03 -3.5891965E+03     11           R
    34      1  1.2E-05    100 (2.1E-08) 2.5E-02 -3.5891965E+03     11         s
    35      1  1.0E+00    102 (2.6E-16) 9.3E-04 -3.5891965E+03     11 1.2E+03 sM
    36      1  9.6E-05    108 (2.6E-16) 1.0E-03 -3.5891965E+03     11 1.2E+03
    37      1  1.3E-01    118 (6.4E-12) 1.2E-03 -3.5891965E+03     11 1.2E+03
    38      1  4.3E-07    128 (6.4E-12) 1.3E-03 -3.5891965E+03     11 6.9E+01
    38      1             135 (6.4E-12) 1.6E-03 -3.5891965E+03     11           R
    39      1  1.9E-04    145 (6.4E-12) 3.5E-03 -3.5891965E+03     11         s

 Major Minors     Step   nCon Feasible  Optimal  MeritFunction     nS Penalty
    40      1  1.0E+00    147 (2.6E-16) 1.6E-03 -3.5891965E+03     11         sM
    41      1  1.1E-05    152 (2.6E-16) 1.0E-03 -3.5891965E+03     11
    42      1  1.0E+00    153 (5.5E-10) 8.5E-04 -3.5891965E+03     11
    43      1  1.0E+00    154 (4.3E-11) 1.0E-03 -3.5891965E+03     11
    44      1  1.0E+00    155 (2.4E-12) 9.3E-04 -3.5891965E+03     11
    45      1  1.0E+00    156 (3.8E-12) 9.0E-04 -3.5891965E+03     11
    46      1  1.0E+00    157 (3.8E-11) 1.9E-03 -3.5891965E+03     11
    47      1  1.0E+00    158 (1.6E-12) 1.0E-03 -3.5891965E+03     11
    48      1  1.0E+00    159 (1.4E-12) 1.0E-03 -3.5891965E+03     11
    49      1  6.8E-01    161 (8.6E-12) 1.0E-03 -3.5891965E+03     11

 Major Minors     Step   nCon Feasible  Optimal  MeritFunction     nS Penalty
    50      1  8.2E-02    171 (8.1E-12) 1.0E-03 -3.5891965E+03     11
    51      1  2.9E-04    181 (8.1E-12) 1.0E-03 -3.5891965E+03     11
    52      1  2.7E-05    191 (8.1E-12) 1.0E-03 -3.5891965E+03     11
    53      1  4.3E-07    201 (8.1E-12) 1.0E-03 -3.5891965E+03     11
    54      1  3.4E-08    211 (8.1E-12) 1.0E-03 -3.5891965E+03     11
    55      1  2.1E-08    221 (8.1E-12) 1.0E-03 -3.5891965E+03     11
    56      1  4.8E-09    231 (8.1E-12) 1.0E-03 -3.5891965E+03     11
    57      1  2.6E-10    239 (8.1E-12) 1.0E-03 -3.5891965E+03     11
    57      1             245 (8.1E-12) 1.0E-03 -3.5891965E+03     11           R
    58      1  1.7E-01    247 (6.7E-12) 9.1E-04 -3.5891965E+03     11         s
    59      1  1.0E+00    248 (1.4E-13) 1.1E-03 -3.5891965E+03     11

 Major Minors     Step   nCon Feasible  Optimal  MeritFunction     nS Penalty
    60      1  1.0E+00    249 (8.2E-13) 6.4E-04 -3.5891965E+03     11
    61      1  1.0E+00    250 (5.2E-14) 6.7E-04 -3.5891965E+03     11
    62      1  1.0E+00    251 (3.4E-14) 1.0E-03 -3.5891965E+03     11
    63      1  1.0E+00    252 (6.5E-16) 1.1E-03 -3.5891965E+03     11
    64      1  1.9E-01    256 (1.1E-14) 6.4E-04 -3.5891965E+03     11
    65      1  4.7E-03    266 (1.1E-14) 1.2E-03 -3.5891965E+03     11
    66      1  2.7E-08    276 (1.1E-14) 1.1E-03 -3.5891965E+03     11
    67      1  2.1E-09    286 (1.1E-14) 9.6E-04 -3.5891965E+03     11
    68      1  7.7E-10    296 (1.1E-14) 8.9E-04 -3.5891965E+03     11

 SNOPTA EXIT   0 -- finished successfully
 SNOPTA INFO   3 -- requested accuracy could not be achieved

 Problem name                 opt prob
 No. of iterations                  86   Objective           -3.5891964932E+03
 No. of major iterations            68   Linear    obj. term  0.0000000000E+00
 Penalty parameter           0.000E+00   Nonlinear obj. term -3.5891964932E+03
 User function calls (total)       322
 No. of superbasics                 11   No. of basic nonlinears             7
 No. of degenerate steps             0   Percentage                       0.00
 Max x                       1 8.7E+02   Max pi                     46 1.0E+00
 Max Primal infeas          60 1.0E-11   Max Dual infeas            13 8.9E-04
 Nonlinear constraint violn    1.0E-11



 Solution printed on file  18

 Time for MPS input                             0.00 seconds
 Time for solving problem                       0.50 seconds
 Time for solution output                       0.00 seconds
 Time for constraint functions                  0.50 seconds
 Time for objective function                    0.00 seconds
