
 ==============================
 S N O P T  7.2-12.3 (Aug 2014)
 ==============================
 opt-files/9turb-circle-600radius/070dirs/snopt-018-wec1.0-print.out
 XXX  Keyword not recognized:         OPT-FILES/9TURB-
 opt-files/9turb-circle-600radius/070dirs/snopt-018-wec1.0-summary.out
 XXX  Keyword not recognized:         OPT-FILES/9TURB-
 
 SNMEMA EXIT 100 -- finished successfully
 SNMEMA INFO 104 -- memory requirements estimated
 
 

 Nonlinear constraints      45     Linear constraints       1
 Nonlinear variables        18     Linear variables         0
 Jacobian  variables        18     Objective variables     18
 Total constraints          46     Total variables         18
 

 
 The user has defined     828   out of     828   first  derivatives
 

 Major Minors     Step   nCon Feasible  Optimal  MeritFunction    nS Penalty
     0     15               1 (0.0E+00) 5.1E-05 -3.3851581E-01    15           r
     1      3  6.9E-01      2 (0.0E+00) 5.1E-05 -3.3874846E-01    17         n rl
     2     11  6.8E-01      3 (0.0E+00) 8.2E-05 -3.3897679E-01    11         s  l
     3      5  1.0E+00      4  1.4E-03 (2.2E-05)-3.8708177E-01    13
     4      2  1.0E+00      5  1.7E-03 (1.0E-05)-3.9713616E-01    12
     5      1  7.3E-01      7  4.6E-04 (1.2E-05)-3.9873581E-01    12
     6      1  1.0E+00      8  1.5E-03 (6.4E-06)-3.9889271E-01    12
     7      2  1.0E+00      9  1.9E-04 (1.1E-05)-3.9984190E-01    11
     8      1  1.0E+00     10  2.5E-03 (1.4E-05)-4.0093242E-01    11
     9      6  1.0E+00     12  1.3E-04 (2.2E-05)-4.0202042E-01    10          m

 Major Minors     Step   nCon Feasible  Optimal  MeritFunction    nS Penalty
    10      9  6.4E-02     15  3.2E-04 (1.9E-05)-4.0243161E-01    11
    11      1  1.0E+00     16  1.8E-03 (7.5E-06)-4.0407429E-01    11
    12      1  3.0E-01     18  1.4E-03 (5.1E-06)-4.0417811E-01    11
    13      1  1.0E+00     19  2.9E-04 (5.9E-06)-4.0418416E-01    11
    14      2  1.0E+00     20  1.1E-04 (4.2E-06)-4.0459492E-01    10
    15      2  2.5E-01     22  4.0E-04 (6.2E-06)-4.0471660E-01    11
    16      1  1.0E+00     23  3.4E-04 (5.6E-06)-4.0472820E-01    11
    17      1  1.0E+00     24  1.2E-04 (8.8E-06)-4.0479536E-01    11
    18      1  1.0E+00     25  2.0E-05 (7.3E-06)-4.0483611E-01    11
    19      1  1.9E-01     28  1.7E-05 (7.1E-06)-4.0484189E-01    11

 Major Minors     Step   nCon Feasible  Optimal  MeritFunction    nS Penalty
    20      2  1.0E+00     29  3.8E-06 (4.7E-06)-4.0484242E-01    10
    21      2  1.3E-02     32  4.8E-06 (5.3E-06)-4.0484487E-01    11
    22      1  1.0E+00     33  4.1E-06 (6.7E-06)-4.0484559E-01    11
    23      1  2.3E-01     35  1.3E-05 (4.6E-06)-4.0485916E-01    11
    24      1  1.0E+00     36  3.8E-05 (6.0E-06)-4.0487079E-01    11
    25      1  1.0E+00     37  2.9E-06 (4.4E-06)-4.0489277E-01    11
    26      1  1.0E+00     38  2.3E-05 (4.1E-06)-4.0492178E-01    11
    27      1  1.0E+00     39  2.6E-05 (3.3E-06)-4.0495065E-01    11
    28      3  1.0E+00     41  1.3E-04  6.2E-05 -4.0505594E-01    11          m
    29      9  4.4E-02     44  5.0E-05 (1.5E-05)-4.0510845E-01    11

 Major Minors     Step   nCon Feasible  Optimal  MeritFunction    nS Penalty
    30      1  1.0E+00     45  4.8E-06 (2.7E-06)-4.0514501E-01    11
    31      1  1.0E+00     46 (8.9E-07)(5.6E-06)-4.0515128E-01    11
 
 SNOPTA EXIT   0 -- finished successfully
 SNOPTA INFO   1 -- optimality conditions satisfied

 Problem name                 opt prob
 No. of iterations                  91   Objective value     -4.0515137901E-01
 No. of major iterations            31   Linear objective     0.0000000000E+00
 Penalty parameter           0.000E+00   Nonlinear objective -4.0515137901E-01
 No. of calls to funobj             46   No. of calls to funcon             46
 No. of superbasics                 11   No. of basic nonlinears             7
 No. of degenerate steps             0   Percentage                       0.00
 Max x                       7 6.0E+02   Max pi                     46 1.0E+00
 Max Primal infeas           0 0.0E+00   Max Dual infeas            12 1.1E-05
 Nonlinear constraint violn    1.3E-03
 
 

 Solution printed on file  18
 
 Time for MPS input                             0.00 seconds
 Time for solving problem                      40.44 seconds
 Time for solution output                       0.00 seconds
 Time for constraint functions                 41.34 seconds
 Time for objective function                    0.00 seconds
