
 ==============================
 S N O P T  7.2-12.3 (Aug 2014)
 ==============================
 opt-files/9turb-circle-600r/snopt-wec/010dirs/012-wec3.0-print.out
 XXX  Keyword not recognized:         OPT-FILES/9TURB-
 opt-files/9turb-circle-600r/snopt-wec/010dirs/012-wec3.0-summary.out
 XXX  Keyword not recognized:         OPT-FILES/9TURB-
 
 SNMEMA EXIT 100 -- finished successfully
 SNMEMA INFO 104 -- memory requirements estimated
 
 

 Nonlinear constraints      45     Linear constraints       1
 Nonlinear variables        18     Linear variables         0
 Jacobian  variables        18     Objective variables     18
 Total constraints          46     Total variables         18
 

 
 The user has defined     828   out of     828   first  derivatives
 

 Major Minors     Step   nCon Feasible  Optimal  MeritFunction    nS Penalty
     0     18               1 (0.0E+00) 3.9E-01 -2.0653760E+03    18           r
     1      1  3.3E-01      2 (0.0E+00) 3.9E-01 -2.0675861E+03    18         n rl
     2      6  3.3E-01      3 (0.0E+00) 4.8E-01 -2.0697794E+03    13         s  l
     3      1  1.0E+00      5  4.1E-04  1.3E-01 -2.2558677E+03    13          m
     4      1  1.0E+00      6  2.8E-04  7.7E-02 -2.2770905E+03    13
     5      4  1.0E+00      7  1.1E-03  3.0E-01 -2.2919085E+03    12
     6      3  1.0E+00      9  3.9E-03  1.1E-01 -2.3336363E+03    12          m
     7      2  1.0E+00     10  3.4E-04  2.4E-01 -2.3453249E+03    11
     8      3  1.0E+00     11  3.2E-03  3.0E-01 -2.3762873E+03    11
     9      3  1.0E+00     12  3.2E-04  2.6E-01 -2.3918662E+03    11

 Major Minors     Step   nCon Feasible  Optimal  MeritFunction    nS Penalty
    10      3  1.0E+00     13  1.8E-03  2.7E-01 -2.4244389E+03    11
    11      2  1.0E+00     14  2.1E-04  1.7E-01 -2.4376849E+03    10
    12      1  1.0E+00     15  1.1E-03  1.1E-01 -2.4539760E+03    10
    13      2  1.0E+00     16  2.5E-04  5.5E-02 -2.4590065E+03     9
    14      2  1.0E+00     17  1.2E-04  4.8E-02 -2.4607995E+03    10
    15      1  1.0E+00     18  9.2E-05  3.4E-02 -2.4622023E+03    10
    16      3  1.0E+00     19  7.2E-04  2.5E-02 -2.4633699E+03    10
    17      3  1.0E+00     20  6.4E-05  2.3E-02 -2.4642013E+03    10
    18      1  1.0E+00     21  9.5E-05  2.2E-02 -2.4648018E+03    10
    19      5  1.0E+00     22  1.5E-04  1.3E-01 -2.4660809E+03    10

 Major Minors     Step   nCon Feasible  Optimal  MeritFunction    nS Penalty
    20      1  3.0E-01     24  1.9E-04  9.4E-02 -2.4667530E+03    10
    21      5  1.0E+00     25  1.6E-04  4.2E-02 -2.4681631E+03    10
    22      3  1.0E+00     26  5.2E-04  6.3E-02 -2.4696092E+03    10
    23      1  1.0E+00     27  5.8E-05  4.1E-02 -2.4709668E+03    10
    24      1  1.0E+00     28  3.5E-04  3.1E-02 -2.4728323E+03    10
    25      1  1.0E+00     29  4.2E-04  4.1E-02 -2.4738351E+03    10
    26      1  1.0E+00     30  3.9E-05  1.5E-02 -2.4746797E+03    10
    27      1  1.0E+00     31  1.1E-05  1.3E-02 -2.4749172E+03    10
    28      1  1.0E+00     32  4.2E-05  2.0E-02 -2.4750696E+03    10
    29      1  1.0E+00     33  6.3E-06  9.8E-03 -2.4751555E+03    10

 Major Minors     Step   nCon Feasible  Optimal  MeritFunction    nS Penalty
    30      1  1.0E+00     34  4.4E-06  7.0E-03 -2.4751984E+03    10
    31      1  1.0E+00     35  5.2E-06  1.0E-02 -2.4752314E+03    10
    32      1  1.5E-01     37  2.4E-05  1.2E-02 -2.4752651E+03    10
    33      1  1.0E+00     38  1.1E-05  7.2E-03 -2.4753481E+03    10
    34      1  1.0E+00     39  8.1E-06  6.1E-03 -2.4753967E+03    10
    35      1  3.2E-01     41  5.6E-06  9.8E-03 -2.4754186E+03    10
    36      1  3.6E-01     43  4.3E-06  3.3E-03 -2.4754255E+03    10
    37      1  1.0E+00     44 (7.8E-07) 6.2E-03 -2.4754315E+03    10
    38      1  3.7E-01     46 (5.4E-07) 1.9E-03 -2.4754350E+03    10
    39      1  2.0E-01     48 (4.3E-07) 2.9E-03 -2.4754357E+03    10

 Major Minors     Step   nCon Feasible  Optimal  MeritFunction    nS Penalty
    40      1  3.0E-01     50 (3.0E-07) 1.5E-03 -2.4754365E+03    10
    41      1  3.2E-02     53 (2.9E-07) 1.3E-03 -2.4754366E+03    10
    42      1  1.0E+00     54 (5.9E-08) 2.0E-03 -2.4754372E+03    10
    43      1  1.0E+00     55 (3.0E-08) 3.4E-03 -2.4754372E+03    10
    44      1  3.0E-01     57 (2.2E-08) 2.4E-03 -2.4754373E+03    10
    45      1  1.0E+00     58 (2.3E-08) 2.5E-03 -2.4754376E+03    10
    46      1  3.3E-01     60 (3.1E-08) 1.4E-03 -2.4754378E+03    10
    47      1  1.0E+00     61 (3.8E-08) 1.3E-03 -2.4754381E+03    10
    48      1  3.4E-01     63 (2.9E-08) 1.6E-03 -2.4754381E+03    10
    49      1  3.5E-01     65 (2.4E-08) 1.5E-03 -2.4754382E+03    10

 Major Minors     Step   nCon Feasible  Optimal  MeritFunction    nS Penalty
    50      1  2.0E-01     67 (1.9E-08) 1.4E-03 -2.4754382E+03    10
    51      1  9.3E-03     73 (1.9E-08) 1.2E-03 -2.4754382E+03    10
    52      1  3.2E-03     77 (1.9E-08) 1.4E-03 -2.4754382E+03    10
    53      1  5.1E-01     79 (1.7E-08) 1.6E-03 -2.4754382E+03    10
    54      1  4.5E-01     81 (9.6E-09) 1.6E-03 -2.4754382E+03    10
    55      1  1.1E-01     91 (8.5E-09) 1.5E-03 -2.4754382E+03    10
    56      1  2.6E-05    101 (8.5E-09) 1.5E-03 -2.4754382E+03    10
    57      1  1.8E-06    111 (8.5E-09) 1.5E-03 -2.4754382E+03    10
    58      1  5.9E-08    121 (8.5E-09) 1.5E-03 -2.4754382E+03    10
    59      1  2.5E-08    131 (8.5E-09) 1.5E-03 -2.4754382E+03    10

 Major Minors     Step   nCon Feasible  Optimal  MeritFunction    nS Penalty
    60      1  8.8E-09    141 (8.5E-09) 1.5E-03 -2.4754382E+03    10
    61      1  1.3E-09    149 (8.5E-09) 1.5E-03 -2.4754382E+03    10
    61      2             155 (8.5E-09) 1.5E-03 -2.4754382E+03    10           r
    62      1  6.4E-06    160 (8.5E-09) 3.2E-03 -2.4754382E+03    10         s
    63      1  4.0E-01    162 (5.1E-09) 6.8E-03 -2.4754382E+03    10
    64      1  2.7E-02    165 (4.9E-09) 3.3E-03 -2.4754382E+03    10
    65      1  1.0E+00    167 (2.3E-16) 5.1E-03 -2.4754382E+03    10 5.0E+01  M
    66      1  7.9E-04    177 (2.3E-16) 2.1E-03 -2.4754382E+03    10 5.0E+01
    67      1  2.2E-08    187 (2.3E-16) 2.1E-03 -2.4754382E+03    10 5.0E+01
    68      1  2.4E-09    197 (2.3E-16) 2.1E-03 -2.4754382E+03    10 5.0E+01
    69      1  3.6E-10    207 (2.3E-16) 2.1E-03 -2.4754382E+03    10 5.0E+01
    69      2             214 (2.3E-16) 2.3E-03 -2.4754382E+03    10           r

 Major Minors     Step   nCon Feasible  Optimal  MeritFunction    nS Penalty
    70      2  6.8E-06    219 (3.0E-16) 1.6E-03 -2.4754382E+03    10         s
    71      1  1.0E+00    220 (7.5E-17) 1.6E-03 -2.4754382E+03    10
    72      1  1.0E+00    221 (1.5E-15) 1.2E-03 -2.4754382E+03    10
    73      1  1.0E+00    223 (7.5E-17) 1.2E-03 -2.4754382E+03    10         n
    74      1  1.0E+00    224 (1.5E-16) 1.7E-03 -2.4754382E+03    10
    75      1  3.2E-01    235 (1.5E-16) 1.7E-03 -2.4754382E+03    10         n
    76      1  8.5E-04    244 (1.5E-16) 1.5E-03 -2.4754382E+03    10         n R
    77      1  5.9E-02    247 (1.5E-16) 1.5E-03 -2.4754382E+03    10         s
    78      1  1.0E+00    249 (7.5E-17) 1.7E-03 -2.4754382E+03    10          M
    79      1  4.0E-02    259 (1.5E-16) 1.7E-03 -2.4754382E+03    10         n

 Major Minors     Step   nCon Feasible  Optimal  MeritFunction    nS Penalty
    80      1  5.2E-03    269 (7.5E-17) 1.5E-03 -2.4754382E+03    10         n R
    81      1  2.8E-01    271 (1.5E-16) 1.5E-03 -2.4754382E+03    10         s
    82      1  1.0E+00    273 (1.5E-16) 1.5E-03 -2.4754382E+03    10         n
    83      1  1.0E+00    275 (1.5E-16) 1.5E-03 -2.4754382E+03    10         n R
    84      1  1.0E+00    277 (1.5E-16) 1.5E-03 -2.4754382E+03    10         n R
    85      1  1.0E+00    279 (1.5E-16) 1.5E-03 -2.4754382E+03    10         n r
    86      2  1.9E-06    284 (1.5E-16) 1.5E-03 -2.4754382E+03    10         s
    87      1  1.0E+00    285 (7.5E-17) 1.4E-03 -2.4754382E+03    10
    88      1  3.8E-01    287 (7.5E-17) 1.4E-03 -2.4754382E+03    10
    89      1  1.0E+00    288 (7.5E-17) 1.4E-03 -2.4754382E+03    10

 Major Minors     Step   nCon Feasible  Optimal  MeritFunction    nS Penalty
    90      1  1.0E+00    290 (7.5E-17) 1.4E-03 -2.4754382E+03    10         n
    91      1  1.0E+00    292 (7.5E-17) 1.1E-03 -2.4754382E+03    10         n R
    92      1  1.0E+00    294 (7.5E-17) 1.1E-03 -2.4754382E+03    10         n R
    93      1  1.0E+00    295 (7.5E-17) 1.4E-03 -2.4754382E+03    10         s
 
 SNOPTA EXIT  40 -- terminated after numerical difficulties
 SNOPTA INFO  41 -- current point cannot be improved

 Problem name                 opt prob
 No. of iterations                 149   Objective value     -2.4754382482E+03
 No. of major iterations            93   Linear objective     0.0000000000E+00
 Penalty parameter           0.000E+00   Nonlinear objective -2.4754382482E+03
 No. of calls to funobj            319   No. of calls to funcon            319
 No. of superbasics                 10   No. of basic nonlinears             8
 No. of degenerate steps             0   Percentage                       0.00
 Max x                      15 6.0E+02   Max pi                     46 1.0E+00
 Max Primal infeas           0 0.0E+00   Max Dual infeas             1 2.7E-03
 Nonlinear constraint violn    1.1E-13
 
 

 Solution printed on file  18
 
 Time for MPS input                             0.00 seconds
 Time for solving problem                       0.51 seconds
 Time for solution output                       0.00 seconds
 Time for constraint functions                  0.56 seconds
 Time for objective function                    0.00 seconds
