
 ==============================
 S N O P T  7.7.3    (Dec 2019)
 ==============================
 opt-files/9turb-circle-600r/snopt-wec/010dirs/070-wec2.6-print.out
 XXX  Keyword not recognized:         OPT-FILES/9TURB-
 opt-files/9turb-circle-600r/snopt-wec/010dirs/070-wec2.6-summary.out
 XXX  Keyword not recognized:         OPT-FILES/9TURB-

 SNMEMA EXIT 100 -- finished successfully
 SNMEMA INFO 104 -- memory requirements estimated



 Nonlinear constraints      45     Linear constraints       1
 Nonlinear variables        18     Linear variables         0
 Jacobian  variables        18     Objective variables     18
 Total constraints          46     Total variables         18



 The user has defined     828   out of     828   first  derivatives


 Major Minors     Step   nCon Feasible  Optimal  MeritFunction     nS Penalty
     0     11               1 (2.1E-07) 1.2E-01 -3.6475888E+03     11           r
     1      1  1.0E+00      2 (9.6E-10) 1.2E-01 -3.6476087E+03     11           r
     2      3  3.6E-01      3 (1.9E-07) 4.0E-01 -3.6478851E+03     11         s  l
     3      3  1.0E+00      4  1.4E-03  1.2E-01 -3.6533833E+03     11
     4      1  1.0E+00      5  6.6E-05  7.1E-02 -3.6551727E+03     11
     5      1  1.0E+00      6  9.5E-05  1.6E-02 -3.6563986E+03     11
     6      3  1.0E+00      7  1.0E-04  2.3E-02 -3.6567527E+03     11
     7      3  1.0E+00      8  4.7E-04  1.7E-02 -3.6569043E+03     11
     8      1  1.0E+00      9  1.6E-05  6.8E-03 -3.6570263E+03     11
     9      3  1.0E+00     10  2.1E-05  2.7E-03 -3.6570625E+03     11

 Major Minors     Step   nCon Feasible  Optimal  MeritFunction     nS Penalty
    10      3  1.0E+00     11  7.6E-06  3.9E-03 -3.6570822E+03     11
    11      3  2.0E-01     13  8.3E-06  2.4E-03 -3.6570840E+03     11
    12      1  1.0E+00     14 (2.6E-07) 1.0E-03 -3.6570854E+03     11 4.5E+00
    13      1  1.0E+00     15  1.8E-06  2.3E-03 -3.6570855E+03     11 4.5E+00
    14      1  1.0E+00     16 (9.8E-09) 2.6E-03 -3.6570861E+03     11 4.5E+00
    15      1  3.9E-02     19 (1.1E-08) 1.0E-03 -3.6570862E+03     11 4.5E+00
    16      1  1.0E+00     20 (1.2E-08) 6.8E-04 -3.6570863E+03     11 4.5E+00
    17      1  1.0E+00     21 (3.9E-09) 4.9E-04 -3.6570864E+03     11 4.5E+00
    18      1  3.2E-02     31 (3.8E-09) 4.8E-04 -3.6570864E+03     11 4.5E+00
    19      1  4.1E-05     41 (3.8E-09) 4.8E-04 -3.6570864E+03     11 4.5E+00

 Major Minors     Step   nCon Feasible  Optimal  MeritFunction     nS Penalty
    20      1  8.5E-06     51 (3.8E-09) 4.8E-04 -3.6570864E+03     11 4.5E+00
    21      1  7.3E-08     61 (3.8E-09) 4.8E-04 -3.6570864E+03     11 4.5E+00
    22      1  5.4E-10     69 (3.8E-09) 4.8E-04 -3.6570864E+03     11 4.5E+00
    23      1  1.1E-10     79 (3.8E-09) 4.8E-04 -3.6570864E+03     11 4.5E+00
    24      1  6.8E-11     89 (3.8E-09) 4.8E-04 -3.6570864E+03     11 4.5E+00

 SNOPTA EXIT   0 -- finished successfully
 SNOPTA INFO   3 -- requested accuracy could not be achieved

 Problem name                 opt prob
 No. of iterations                  49   Objective           -3.6570864122E+03
 No. of major iterations            24   Linear    obj. term  0.0000000000E+00
 No. of infeasibilities              2   Sum of infeas        5.8876911453E-06
 Penalty parameter           4.549E+00   Nonlinear obj. term -3.6570864122E+03
 User function calls (total)       116
 No. of superbasics                 11   No. of basic nonlinears             7
 No. of degenerate steps             0   Percentage                       0.00
 Max x                      10 9.0E+02   Max pi                     46 1.0E+00
 Max Primal infeas          58 3.4E-06   Max Dual infeas            10 4.6E-01
 Nonlinear constraint violn    3.4E-06



 Solution printed on file  18

 Time for MPS input                             0.00 seconds
 Time for solving problem                       0.25 seconds
 Time for solution output                       0.00 seconds
 Time for constraint functions                  0.25 seconds
 Time for objective function                    0.00 seconds
