
 ==============================
 S N O P T  7.2-12.3 (Aug 2014)
 ==============================
 opt-files/9turb-circle-1500r/snopt-wec/020dirs/041-wec1.8-print.out
 XXX  Keyword not recognized:         OPT-FILES/9TURB-
 opt-files/9turb-circle-1500r/snopt-wec/020dirs/041-wec1.8-summary.out
 XXX  Keyword not recognized:         OPT-FILES/9TURB-
 
 SNMEMA EXIT 100 -- finished successfully
 SNMEMA INFO 104 -- memory requirements estimated
 
 

 Nonlinear constraints      45     Linear constraints       1
 Nonlinear variables        18     Linear variables         0
 Jacobian  variables        18     Objective variables     18
 Total constraints          46     Total variables         18
 

 
 The user has defined     828   out of     828   first  derivatives
 

 Major Minors     Step   nCon Feasible  Optimal  MeritFunction    nS Penalty
     0     11               1 (1.2E-14) 1.3E-02 -4.6754221E+03    11           r
     1      1  1.0E+00      2 (1.8E-08) 1.2E-02 -4.6754778E+03    11         n r
     2      1  3.1E-01      3 (4.0E-08) 1.2E-02 -4.6755448E+03    11         s  l
     3      1  1.0E+00      4  2.9E-04  7.5E-03 -4.6771120E+03    11
     4      1  1.0E+00      5  2.7E-05  1.4E-03 -4.6774771E+03    11
     5      1  1.0E+00      6  1.7E-06  1.1E-03 -4.6775112E+03    11
     6      1  1.0E+00      7  1.5E-05  1.1E-03 -4.6775533E+03    11
     7      1  1.0E+00      8  2.9E-06  8.5E-04 -4.6775691E+03    11
     8      1  1.0E+00      9  3.5E-06  6.4E-04 -4.6775835E+03    11
     9      1  1.0E+00     10 (1.9E-07) 3.6E-04 -4.6775882E+03    11

 Major Minors     Step   nCon Feasible  Optimal  MeritFunction    nS Penalty
    10      1  1.0E+00     11 (5.6E-07) 4.1E-04 -4.6775917E+03    11
    11      1  1.0E+00     12  1.2E-06  2.7E-04 -4.6775943E+03    11
    12      1  1.0E+00     13 (4.2E-07) 3.5E-04 -4.6775964E+03    11
    13      1  1.0E+00     14  2.7E-06  6.5E-04 -4.6775987E+03    11
    14      1  1.0E+00     15 (1.5E-07) 1.9E-04 -4.6775991E+03    11
    15      1  1.0E+00     16 (4.2E-08) 1.5E-04 -4.6775996E+03    11
    16      1  1.0E+00     17 (2.2E-07) 1.2E-04 -4.6776001E+03    11
    17      1  1.0E+00     18 (2.1E-08) 3.9E-05 -4.6776001E+03    11
    18      1  1.0E+00     19 (4.9E-09) 4.2E-05 -4.6776002E+03    11
    19      1  1.0E+00     20 (6.7E-09) 1.7E-05 -4.6776002E+03    11

 Major Minors     Step   nCon Feasible  Optimal  MeritFunction    nS Penalty
    20      1  1.0E+00     21 (5.8E-10) 1.4E-05 -4.6776002E+03    11
    21      1  6.8E-01     23 (5.1E-10)(7.2E-06)-4.6776002E+03    11
 
 SNOPTA EXIT   0 -- finished successfully
 SNOPTA INFO   1 -- optimality conditions satisfied

 Problem name                 opt prob
 No. of iterations                  32   Objective value     -4.6776001685E+03
 No. of major iterations            21   Linear objective     0.0000000000E+00
 Penalty parameter           0.000E+00   Nonlinear objective -4.6776001685E+03
 No. of calls to funobj             42   No. of calls to funcon             42
 No. of superbasics                 11   No. of basic nonlinears             7
 No. of degenerate steps             0   Percentage                       0.00
 Max x                      14 1.5E+03   Max pi                     46 1.0E+00
 Max Primal infeas           0 0.0E+00   Max Dual infeas             1 1.4E-05
 Nonlinear constraint violn    1.8E-06
 
 

 Solution printed on file  18
 
 Time for MPS input                             0.00 seconds
 Time for solving problem                       0.07 seconds
 Time for solution output                       0.00 seconds
 Time for constraint functions                  0.14 seconds
 Time for objective function                    0.00 seconds
